[LINE:421]# WARNING  [2017-04-03 13:28:05,959]  There is no such pollution name in kind list : <windchill> [https://www.wunderground.com]
[LINE:421]# WARNING  [2017-04-03 13:28:05,959]  There is no such pollution name in kind list : <heatindex> [https://www.wunderground.com]
[LINE:421]# WARNING  [2017-04-03 13:28:05,960]  There is no such pollution name in kind list : <feelslike> [https://www.wunderground.com]
[LINE:421]# WARNING  [2017-04-03 13:28:05,960]  There is no such pollution name in kind list : <icon_url> [https://www.wunderground.com]
[LINE:421]# WARNING  [2017-04-03 13:28:05,960]  There is no such pollution name in kind list : <qpf> [https://www.wunderground.com]
[LINE:421]# WARNING  [2017-04-03 13:28:05,960]  There is no such pollution name in kind list : <fctcode> [https://www.wunderground.com]
[LINE:360]# WARNING  [2017-04-03 13:28:05,960]  Correct pollutant value NOT in default units list : <sn_d> [https://www.wunderground.com]
[LINE:474]# WARNING  [2017-04-03 13:28:05,960]  Units are not convertible (call func: _mm_to_None) : |mm to None| [https://www.wunderground.com]
[LINE:421]# WARNING  [2017-04-03 13:28:05,961]  There is no such pollution name in kind list : <wx> [https://www.wunderground.com]
[LINE:421]# WARNING  [2017-04-03 13:28:05,961]  There is no such pollution name in kind list : <uvi> [https://www.wunderground.com]
[LINE:421]# WARNING  [2017-04-03 13:28:05,961]  There is no such pollution name in kind list : <pop> [https://www.wunderground.com]
[LINE:421]# WARNING  [2017-04-03 13:28:05,961]  There is no such pollution name in kind list : <wspd> [https://www.wunderground.com]
[LINE:421]# WARNING  [2017-04-03 13:28:05,961]  There is no such pollution name in kind list : <condition> [https://www.wunderground.com]
[LINE:421]# WARNING  [2017-04-03 13:28:05,961]  There is no such pollution name in kind list : <icon> [https://www.wunderground.com]
[LINE:421]# WARNING  [2017-04-03 13:28:05,962]  There is no such pollution name in kind list : <windchill> [https://www.wunderground.com]
[LINE:421]# WARNING  [2017-04-03 13:28:05,962]  There is no such pollution name in kind list : <heatindex> [https://www.wunderground.com]
[LINE:421]# WARNING  [2017-04-03 13:28:05,962]  There is no such pollution name in kind list : <feelslike> [https://www.wunderground.com]
[LINE:421]# WARNING  [2017-04-03 13:28:05,963]  There is no such pollution name in kind list : <icon_url> [https://www.wunderground.com]
[LINE:421]# WARNING  [2017-04-03 13:28:05,963]  There is no such pollution name in kind list : <qpf> [https://www.wunderground.com]
[LINE:421]# WARNING  [2017-04-03 13:28:05,963]  There is no such pollution name in kind list : <fctcode> [https://www.wunderground.com]
[LINE:360]# WARNING  [2017-04-03 13:28:05,963]  Correct pollutant value NOT in default units list : <sn_d> [https://www.wunderground.com]
[LINE:474]# WARNING  [2017-04-03 13:28:05,963]  Units are not convertible (call func: _mm_to_None) : |mm to None| [https://www.wunderground.com]
[LINE:421]# WARNING  [2017-04-03 13:28:05,963]  There is no such pollution name in kind list : <wx> [https://www.wunderground.com]
[LINE:421]# WARNING  [2017-04-03 13:28:05,964]  There is no such pollution name in kind list : <uvi> [https://www.wunderground.com]
[LINE:421]# WARNING  [2017-04-03 13:28:05,964]  There is no such pollution name in kind list : <pop> [https://www.wunderground.com]
[LINE:421]# WARNING  [2017-04-03 13:28:05,964]  There is no such pollution name in kind list : <wspd> [https://www.wunderground.com]
[LINE:421]# WARNING  [2017-04-03 13:28:05,964]  There is no such pollution name in kind list : <condition> [https://www.wunderground.com]
[LINE:421]# WARNING  [2017-04-03 13:28:05,964]  There is no such pollution name in kind list : <icon> [https://www.wunderground.com]
[LINE:421]# WARNING  [2017-04-03 13:28:05,965]  There is no such pollution name in kind list : <windchill> [https://www.wunderground.com]
[LINE:421]# WARNING  [2017-04-03 13:28:05,965]  There is no such pollution name in kind list : <heatindex> [https://www.wunderground.com]
[LINE:421]# WARNING  [2017-04-03 13:28:05,965]  There is no such pollution name in kind list : <feelslike> [https://www.wunderground.com]
[LINE:421]# WARNING  [2017-04-03 13:28:05,965]  There is no such pollution name in kind list : <icon_url> [https://www.wunderground.com]
[LINE:421]# WARNING  [2017-04-03 13:28:05,965]  There is no such pollution name in kind list : <qpf> [https://www.wunderground.com]
[LINE:421]# WARNING  [2017-04-03 13:28:05,966]  There is no such pollution name in kind list : <fctcode> [https://www.wunderground.com]
[LINE:360]# WARNING  [2017-04-03 13:28:05,966]  Correct pollutant value NOT in default units list : <sn_d> [https://www.wunderground.com]
[LINE:474]# WARNING  [2017-04-03 13:28:05,966]  Units are not convertible (call func: _mm_to_None) : |mm to None| [https://www.wunderground.com]
[LINE:421]# WARNING  [2017-04-03 13:28:05,966]  There is no such pollution name in kind list : <wx> [https://www.wunderground.com]
[LINE:421]# WARNING  [2017-04-03 13:28:05,966]  There is no such pollution name in kind list : <uvi> [https://www.wunderground.com]
[LINE:421]# WARNING  [2017-04-03 13:28:05,966]  There is no such pollution name in kind list : <pop> [https://www.wunderground.com]
[LINE:421]# WARNING  [2017-04-03 13:28:05,967]  There is no such pollution name in kind list : <wspd> [https://www.wunderground.com]
[LINE:421]# WARNING  [2017-04-03 13:28:05,967]  There is no such pollution name in kind list : <condition> [https://www.wunderground.com]
[LINE:421]# WARNING  [2017-04-03 13:28:05,967]  There is no such pollution name in kind list : <icon> [https://www.wunderground.com]
[LINE:421]# WARNING  [2017-04-03 13:28:05,967]  There is no such pollution name in kind list : <windchill> [https://www.wunderground.com]
[LINE:421]# WARNING  [2017-04-03 13:28:05,967]  There is no such pollution name in kind list : <heatindex> [https://www.wunderground.com]
[LINE:421]# WARNING  [2017-04-03 13:28:05,968]  There is no such pollution name in kind list : <feelslike> [https://www.wunderground.com]
[LINE:421]# WARNING  [2017-04-03 13:28:05,968]  There is no such pollution name in kind list : <icon_url> [https://www.wunderground.com]
[LINE:421]# WARNING  [2017-04-03 13:28:05,968]  There is no such pollution name in kind list : <qpf> [https://www.wunderground.com]
[LINE:421]# WARNING  [2017-04-03 13:28:05,968]  There is no such pollution name in kind list : <fctcode> [https://www.wunderground.com]
[LINE:360]# WARNING  [2017-04-03 13:28:05,968]  Correct pollutant value NOT in default units list : <sn_d> [https://www.wunderground.com]
[LINE:474]# WARNING  [2017-04-03 13:28:05,968]  Units are not convertible (call func: _mm_to_None) : |mm to None| [https://www.wunderground.com]
[LINE:421]# WARNING  [2017-04-03 13:28:05,969]  There is no such pollution name in kind list : <wx> [https://www.wunderground.com]
[LINE:421]# WARNING  [2017-04-03 13:28:05,969]  There is no such pollution name in kind list : <uvi> [https://www.wunderground.com]
[LINE:421]# WARNING  [2017-04-03 13:28:05,969]  There is no such pollution name in kind list : <pop> [https://www.wunderground.com]
[LINE:421]# WARNING  [2017-04-03 13:28:05,969]  There is no such pollution name in kind list : <wspd> [https://www.wunderground.com]
[LINE:421]# WARNING  [2017-04-03 13:28:05,969]  There is no such pollution name in kind list : <condition> [https://www.wunderground.com]
[LINE:421]# WARNING  [2017-04-03 13:28:05,969]  There is no such pollution name in kind list : <icon> [https://www.wunderground.com]
[LINE:421]# WARNING  [2017-04-03 13:28:05,970]  There is no such pollution name in kind list : <windchill> [https://www.wunderground.com]
[LINE:421]# WARNING  [2017-04-03 13:28:05,970]  There is no such pollution name in kind list : <heatindex> [https://www.wunderground.com]
[LINE:421]# WARNING  [2017-04-03 13:28:05,970]  There is no such pollution name in kind list : <feelslike> [https://www.wunderground.com]
[LINE:421]# WARNING  [2017-04-03 13:28:05,970]  There is no such pollution name in kind list : <icon_url> [https://www.wunderground.com]
[LINE:421]# WARNING  [2017-04-03 13:28:05,971]  There is no such pollution name in kind list : <qpf> [https://www.wunderground.com]
[LINE:421]# WARNING  [2017-04-03 13:28:05,971]  There is no such pollution name in kind list : <fctcode> [https://www.wunderground.com]
[LINE:360]# WARNING  [2017-04-03 13:28:05,971]  Correct pollutant value NOT in default units list : <sn_d> [https://www.wunderground.com]
[LINE:474]# WARNING  [2017-04-03 13:28:05,971]  Units are not convertible (call func: _mm_to_None) : |mm to None| [https://www.wunderground.com]
[LINE:421]# WARNING  [2017-04-03 13:28:05,971]  There is no such pollution name in kind list : <wx> [https://www.wunderground.com]
[LINE:421]# WARNING  [2017-04-03 13:28:05,971]  There is no such pollution name in kind list : <uvi> [https://www.wunderground.com]
[LINE:421]# WARNING  [2017-04-03 13:28:05,972]  There is no such pollution name in kind list : <pop> [https://www.wunderground.com]
[LINE:421]# WARNING  [2017-04-03 13:28:05,972]  There is no such pollution name in kind list : <wspd> [https://www.wunderground.com]
[LINE:421]# WARNING  [2017-04-03 13:28:05,972]  There is no such pollution name in kind list : <condition> [https://www.wunderground.com]
[LINE:421]# WARNING  [2017-04-03 13:28:05,972]  There is no such pollution name in kind list : <icon> [https://www.wunderground.com]
[LINE:421]# WARNING  [2017-04-03 13:28:05,972]  There is no such pollution name in kind list : <windchill> [https://www.wunderground.com]
[LINE:421]# WARNING  [2017-04-03 13:28:05,973]  There is no such pollution name in kind list : <heatindex> [https://www.wunderground.com]
[LINE:421]# WARNING  [2017-04-03 13:28:05,973]  There is no such pollution name in kind list : <feelslike> [https://www.wunderground.com]
[LINE:421]# WARNING  [2017-04-03 13:28:05,973]  There is no such pollution name in kind list : <icon_url> [https://www.wunderground.com]
[LINE:421]# WARNING  [2017-04-03 13:28:05,973]  There is no such pollution name in kind list : <qpf> [https://www.wunderground.com]
[LINE:421]# WARNING  [2017-04-03 13:28:05,973]  There is no such pollution name in kind list : <fctcode> [https://www.wunderground.com]
[LINE:360]# WARNING  [2017-04-03 13:28:05,974]  Correct pollutant value NOT in default units list : <sn_d> [https://www.wunderground.com]
[LINE:474]# WARNING  [2017-04-03 13:28:05,974]  Units are not convertible (call func: _mm_to_None) : |mm to None| [https://www.wunderground.com]
[LINE:421]# WARNING  [2017-04-03 13:28:05,974]  There is no such pollution name in kind list : <wx> [https://www.wunderground.com]
[LINE:421]# WARNING  [2017-04-03 13:28:05,974]  There is no such pollution name in kind list : <uvi> [https://www.wunderground.com]
[LINE:421]# WARNING  [2017-04-03 13:28:05,974]  There is no such pollution name in kind list : <pop> [https://www.wunderground.com]
[LINE:421]# WARNING  [2017-04-03 13:28:05,974]  There is no such pollution name in kind list : <wspd> [https://www.wunderground.com]
[LINE:421]# WARNING  [2017-04-03 13:28:05,974]  There is no such pollution name in kind list : <condition> [https://www.wunderground.com]
[LINE:421]# WARNING  [2017-04-03 13:28:05,975]  There is no such pollution name in kind list : <icon> [https://www.wunderground.com]
[LINE:421]# WARNING  [2017-04-03 13:28:05,975]  There is no such pollution name in kind list : <windchill> [https://www.wunderground.com]
[LINE:421]# WARNING  [2017-04-03 13:28:05,975]  There is no such pollution name in kind list : <heatindex> [https://www.wunderground.com]
[LINE:421]# WARNING  [2017-04-03 13:28:05,975]  There is no such pollution name in kind list : <feelslike> [https://www.wunderground.com]
[LINE:421]# WARNING  [2017-04-03 13:28:05,976]  There is no such pollution name in kind list : <icon_url> [https://www.wunderground.com]
[LINE:421]# WARNING  [2017-04-03 13:28:05,976]  There is no such pollution name in kind list : <qpf> [https://www.wunderground.com]
[LINE:421]# WARNING  [2017-04-03 13:28:05,976]  There is no such pollution name in kind list : <fctcode> [https://www.wunderground.com]
[LINE:360]# WARNING  [2017-04-03 13:28:05,976]  Correct pollutant value NOT in default units list : <sn_d> [https://www.wunderground.com]
[LINE:474]# WARNING  [2017-04-03 13:28:05,976]  Units are not convertible (call func: _mm_to_None) : |mm to None| [https://www.wunderground.com]
[LINE:421]# WARNING  [2017-04-03 13:28:05,976]  There is no such pollution name in kind list : <wx> [https://www.wunderground.com]
[LINE:421]# WARNING  [2017-04-03 13:28:05,977]  There is no such pollution name in kind list : <uvi> [https://www.wunderground.com]
[LINE:421]# WARNING  [2017-04-03 13:28:05,977]  There is no such pollution name in kind list : <pop> [https://www.wunderground.com]
[LINE:421]# WARNING  [2017-04-03 13:28:05,977]  There is no such pollution name in kind list : <wspd> [https://www.wunderground.com]
[LINE:421]# WARNING  [2017-04-03 13:28:05,977]  There is no such pollution name in kind list : <condition> [https://www.wunderground.com]
[LINE:421]# WARNING  [2017-04-03 13:28:05,977]  There is no such pollution name in kind list : <icon> [https://www.wunderground.com]
[LINE:421]# WARNING  [2017-04-03 13:28:05,978]  There is no such pollution name in kind list : <windchill> [https://www.wunderground.com]
[LINE:421]# WARNING  [2017-04-03 13:28:05,978]  There is no such pollution name in kind list : <heatindex> [https://www.wunderground.com]
[LINE:421]# WARNING  [2017-04-03 13:28:05,978]  There is no such pollution name in kind list : <feelslike> [https://www.wunderground.com]
[LINE:421]# WARNING  [2017-04-03 13:28:05,978]  There is no such pollution name in kind list : <icon_url> [https://www.wunderground.com]
[LINE:421]# WARNING  [2017-04-03 13:28:05,978]  There is no such pollution name in kind list : <qpf> [https://www.wunderground.com]
[LINE:421]# WARNING  [2017-04-03 13:28:05,979]  There is no such pollution name in kind list : <fctcode> [https://www.wunderground.com]
[LINE:360]# WARNING  [2017-04-03 13:28:05,979]  Correct pollutant value NOT in default units list : <sn_d> [https://www.wunderground.com]
[LINE:474]# WARNING  [2017-04-03 13:28:05,979]  Units are not convertible (call func: _mm_to_None) : |mm to None| [https://www.wunderground.com]
[LINE:421]# WARNING  [2017-04-03 13:28:05,979]  There is no such pollution name in kind list : <wx> [https://www.wunderground.com]
[LINE:421]# WARNING  [2017-04-03 13:28:05,979]  There is no such pollution name in kind list : <uvi> [https://www.wunderground.com]
[LINE:421]# WARNING  [2017-04-03 13:28:05,979]  There is no such pollution name in kind list : <pop> [https://www.wunderground.com]
[LINE:421]# WARNING  [2017-04-03 13:28:05,980]  There is no such pollution name in kind list : <wspd> [https://www.wunderground.com]
[LINE:421]# WARNING  [2017-04-03 13:28:05,980]  There is no such pollution name in kind list : <condition> [https://www.wunderground.com]
[LINE:421]# WARNING  [2017-04-03 13:28:05,980]  There is no such pollution name in kind list : <icon> [https://www.wunderground.com]
[LINE:421]# WARNING  [2017-04-03 13:28:05,980]  There is no such pollution name in kind list : <windchill> [https://www.wunderground.com]
[LINE:421]# WARNING  [2017-04-03 13:28:05,980]  There is no such pollution name in kind list : <heatindex> [https://www.wunderground.com]
[LINE:421]# WARNING  [2017-04-03 13:28:05,981]  There is no such pollution name in kind list : <feelslike> [https://www.wunderground.com]
[LINE:421]# WARNING  [2017-04-03 13:28:05,981]  There is no such pollution name in kind list : <icon_url> [https://www.wunderground.com]
[LINE:421]# WARNING  [2017-04-03 13:28:05,981]  There is no such pollution name in kind list : <qpf> [https://www.wunderground.com]
[LINE:421]# WARNING  [2017-04-03 13:28:05,981]  There is no such pollution name in kind list : <fctcode> [https://www.wunderground.com]
[LINE:360]# WARNING  [2017-04-03 13:28:05,981]  Correct pollutant value NOT in default units list : <sn_d> [https://www.wunderground.com]
[LINE:474]# WARNING  [2017-04-03 13:28:05,982]  Units are not convertible (call func: _mm_to_None) : |mm to None| [https://www.wunderground.com]
[LINE:421]# WARNING  [2017-04-03 13:28:05,982]  There is no such pollution name in kind list : <wx> [https://www.wunderground.com]
[LINE:421]# WARNING  [2017-04-03 13:28:05,982]  There is no such pollution name in kind list : <uvi> [https://www.wunderground.com]
[LINE:421]# WARNING  [2017-04-03 13:28:05,982]  There is no such pollution name in kind list : <pop> [https://www.wunderground.com]
[LINE:421]# WARNING  [2017-04-03 13:28:05,982]  There is no such pollution name in kind list : <wspd> [https://www.wunderground.com]
[LINE:421]# WARNING  [2017-04-03 13:28:05,982]  There is no such pollution name in kind list : <condition> [https://www.wunderground.com]
[LINE:421]# WARNING  [2017-04-03 13:28:05,983]  There is no such pollution name in kind list : <icon> [https://www.wunderground.com]
[LINE:421]# WARNING  [2017-04-03 13:28:05,983]  There is no such pollution name in kind list : <windchill> [https://www.wunderground.com]
[LINE:421]# WARNING  [2017-04-03 13:28:05,983]  There is no such pollution name in kind list : <heatindex> [https://www.wunderground.com]
[LINE:421]# WARNING  [2017-04-03 13:28:05,983]  There is no such pollution name in kind list : <feelslike> [https://www.wunderground.com]
[LINE:421]# WARNING  [2017-04-03 13:28:05,984]  There is no such pollution name in kind list : <icon_url> [https://www.wunderground.com]
[LINE:421]# WARNING  [2017-04-03 13:28:05,984]  There is no such pollution name in kind list : <qpf> [https://www.wunderground.com]
[LINE:421]# WARNING  [2017-04-03 13:28:05,984]  There is no such pollution name in kind list : <fctcode> [https://www.wunderground.com]
[LINE:360]# WARNING  [2017-04-03 13:28:05,984]  Correct pollutant value NOT in default units list : <sn_d> [https://www.wunderground.com]
[LINE:474]# WARNING  [2017-04-03 13:28:05,984]  Units are not convertible (call func: _mm_to_None) : |mm to None| [https://www.wunderground.com]
[LINE:421]# WARNING  [2017-04-03 13:28:05,984]  There is no such pollution name in kind list : <wx> [https://www.wunderground.com]
[LINE:421]# WARNING  [2017-04-03 13:28:05,985]  There is no such pollution name in kind list : <uvi> [https://www.wunderground.com]
[LINE:421]# WARNING  [2017-04-03 13:28:05,985]  There is no such pollution name in kind list : <pop> [https://www.wunderground.com]
[LINE:421]# WARNING  [2017-04-03 13:28:05,985]  There is no such pollution name in kind list : <wspd> [https://www.wunderground.com]
[LINE:421]# WARNING  [2017-04-03 13:28:05,985]  There is no such pollution name in kind list : <condition> [https://www.wunderground.com]
[LINE:421]# WARNING  [2017-04-03 13:28:05,985]  There is no such pollution name in kind list : <icon> [https://www.wunderground.com]
[LINE:421]# WARNING  [2017-04-03 13:28:05,986]  There is no such pollution name in kind list : <windchill> [https://www.wunderground.com]
[LINE:421]# WARNING  [2017-04-03 13:28:05,986]  There is no such pollution name in kind list : <heatindex> [https://www.wunderground.com]
[LINE:421]# WARNING  [2017-04-03 13:28:05,986]  There is no such pollution name in kind list : <feelslike> [https://www.wunderground.com]
[LINE:421]# WARNING  [2017-04-03 13:28:05,986]  There is no such pollution name in kind list : <icon_url> [https://www.wunderground.com]
[LINE:421]# WARNING  [2017-04-03 13:28:05,987]  There is no such pollution name in kind list : <qpf> [https://www.wunderground.com]
[LINE:421]# WARNING  [2017-04-03 13:28:05,987]  There is no such pollution name in kind list : <fctcode> [https://www.wunderground.com]
[LINE:360]# WARNING  [2017-04-03 13:28:05,987]  Correct pollutant value NOT in default units list : <sn_d> [https://www.wunderground.com]
[LINE:474]# WARNING  [2017-04-03 13:28:05,987]  Units are not convertible (call func: _mm_to_None) : |mm to None| [https://www.wunderground.com]
[LINE:421]# WARNING  [2017-04-03 13:28:05,987]  There is no such pollution name in kind list : <wx> [https://www.wunderground.com]
[LINE:421]# WARNING  [2017-04-03 13:28:05,987]  There is no such pollution name in kind list : <uvi> [https://www.wunderground.com]
[LINE:421]# WARNING  [2017-04-03 13:28:05,987]  There is no such pollution name in kind list : <pop> [https://www.wunderground.com]
[LINE:421]# WARNING  [2017-04-03 13:28:05,988]  There is no such pollution name in kind list : <wspd> [https://www.wunderground.com]
[LINE:421]# WARNING  [2017-04-03 13:28:05,988]  There is no such pollution name in kind list : <condition> [https://www.wunderground.com]
[LINE:421]# WARNING  [2017-04-03 13:28:05,988]  There is no such pollution name in kind list : <icon> [https://www.wunderground.com]
[LINE:421]# WARNING  [2017-04-03 13:28:05,988]  There is no such pollution name in kind list : <windchill> [https://www.wunderground.com]
[LINE:421]# WARNING  [2017-04-03 13:28:05,988]  There is no such pollution name in kind list : <heatindex> [https://www.wunderground.com]
[LINE:421]# WARNING  [2017-04-03 13:28:05,989]  There is no such pollution name in kind list : <feelslike> [https://www.wunderground.com]
[LINE:421]# WARNING  [2017-04-03 13:28:05,989]  There is no such pollution name in kind list : <icon_url> [https://www.wunderground.com]
[LINE:421]# WARNING  [2017-04-03 13:28:05,989]  There is no such pollution name in kind list : <qpf> [https://www.wunderground.com]
[LINE:421]# WARNING  [2017-04-03 13:28:05,989]  There is no such pollution name in kind list : <fctcode> [https://www.wunderground.com]
[LINE:360]# WARNING  [2017-04-03 13:28:05,989]  Correct pollutant value NOT in default units list : <sn_d> [https://www.wunderground.com]
[LINE:474]# WARNING  [2017-04-03 13:28:05,990]  Units are not convertible (call func: _mm_to_None) : |mm to None| [https://www.wunderground.com]
[LINE:421]# WARNING  [2017-04-03 13:28:05,990]  There is no such pollution name in kind list : <wx> [https://www.wunderground.com]
[LINE:421]# WARNING  [2017-04-03 13:28:05,990]  There is no such pollution name in kind list : <uvi> [https://www.wunderground.com]
[LINE:421]# WARNING  [2017-04-03 13:28:05,990]  There is no such pollution name in kind list : <pop> [https://www.wunderground.com]
[LINE:421]# WARNING  [2017-04-03 13:28:05,990]  There is no such pollution name in kind list : <wspd> [https://www.wunderground.com]
[LINE:421]# WARNING  [2017-04-03 13:28:05,990]  There is no such pollution name in kind list : <condition> [https://www.wunderground.com]
[LINE:421]# WARNING  [2017-04-03 13:28:05,991]  There is no such pollution name in kind list : <icon> [https://www.wunderground.com]
[LINE:421]# WARNING  [2017-04-03 13:28:05,991]  There is no such pollution name in kind list : <windchill> [https://www.wunderground.com]
[LINE:421]# WARNING  [2017-04-03 13:28:05,991]  There is no such pollution name in kind list : <heatindex> [https://www.wunderground.com]
[LINE:421]# WARNING  [2017-04-03 13:28:05,991]  There is no such pollution name in kind list : <feelslike> [https://www.wunderground.com]
[LINE:421]# WARNING  [2017-04-03 13:28:05,992]  There is no such pollution name in kind list : <icon_url> [https://www.wunderground.com]
[LINE:421]# WARNING  [2017-04-03 13:28:05,992]  There is no such pollution name in kind list : <qpf> [https://www.wunderground.com]
[LINE:421]# WARNING  [2017-04-03 13:28:05,992]  There is no such pollution name in kind list : <fctcode> [https://www.wunderground.com]
[LINE:360]# WARNING  [2017-04-03 13:28:05,992]  Correct pollutant value NOT in default units list : <sn_d> [https://www.wunderground.com]
[LINE:474]# WARNING  [2017-04-03 13:28:05,992]  Units are not convertible (call func: _mm_to_None) : |mm to None| [https://www.wunderground.com]
[LINE:421]# WARNING  [2017-04-03 13:28:05,992]  There is no such pollution name in kind list : <wx> [https://www.wunderground.com]
[LINE:421]# WARNING  [2017-04-03 13:28:05,993]  There is no such pollution name in kind list : <uvi> [https://www.wunderground.com]
[LINE:421]# WARNING  [2017-04-03 13:28:05,993]  There is no such pollution name in kind list : <pop> [https://www.wunderground.com]
[LINE:421]# WARNING  [2017-04-03 13:28:05,993]  There is no such pollution name in kind list : <wspd> [https://www.wunderground.com]
[LINE:421]# WARNING  [2017-04-03 13:28:05,993]  There is no such pollution name in kind list : <condition> [https://www.wunderground.com]
[LINE:421]# WARNING  [2017-04-03 13:28:05,993]  There is no such pollution name in kind list : <icon> [https://www.wunderground.com]
[LINE:421]# WARNING  [2017-04-03 13:28:05,993]  There is no such pollution name in kind list : <windchill> [https://www.wunderground.com]
[LINE:421]# WARNING  [2017-04-03 13:28:05,994]  There is no such pollution name in kind list : <heatindex> [https://www.wunderground.com]
[LINE:421]# WARNING  [2017-04-03 13:28:05,994]  There is no such pollution name in kind list : <feelslike> [https://www.wunderground.com]
[LINE:421]# WARNING  [2017-04-03 13:28:05,994]  There is no such pollution name in kind list : <icon_url> [https://www.wunderground.com]
[LINE:421]# WARNING  [2017-04-03 13:28:05,994]  There is no such pollution name in kind list : <qpf> [https://www.wunderground.com]
[LINE:421]# WARNING  [2017-04-03 13:28:05,994]  There is no such pollution name in kind list : <fctcode> [https://www.wunderground.com]
[LINE:360]# WARNING  [2017-04-03 13:28:05,995]  Correct pollutant value NOT in default units list : <sn_d> [https://www.wunderground.com]
[LINE:474]# WARNING  [2017-04-03 13:28:05,995]  Units are not convertible (call func: _mm_to_None) : |mm to None| [https://www.wunderground.com]
[LINE:421]# WARNING  [2017-04-03 13:28:05,995]  There is no such pollution name in kind list : <wx> [https://www.wunderground.com]
[LINE:421]# WARNING  [2017-04-03 13:28:05,995]  There is no such pollution name in kind list : <uvi> [https://www.wunderground.com]
[LINE:421]# WARNING  [2017-04-03 13:28:05,995]  There is no such pollution name in kind list : <pop> [https://www.wunderground.com]
[LINE:421]# WARNING  [2017-04-03 13:28:05,995]  There is no such pollution name in kind list : <wspd> [https://www.wunderground.com]
[LINE:421]# WARNING  [2017-04-03 13:28:05,996]  There is no such pollution name in kind list : <condition> [https://www.wunderground.com]
[LINE:421]# WARNING  [2017-04-03 13:28:05,996]  There is no such pollution name in kind list : <icon> [https://www.wunderground.com]
[LINE:421]# WARNING  [2017-04-03 13:28:05,996]  There is no such pollution name in kind list : <windchill> [https://www.wunderground.com]
[LINE:421]# WARNING  [2017-04-03 13:28:05,996]  There is no such pollution name in kind list : <heatindex> [https://www.wunderground.com]
[LINE:421]# WARNING  [2017-04-03 13:28:05,997]  There is no such pollution name in kind list : <feelslike> [https://www.wunderground.com]
[LINE:421]# WARNING  [2017-04-03 13:28:05,997]  There is no such pollution name in kind list : <icon_url> [https://www.wunderground.com]
[LINE:421]# WARNING  [2017-04-03 13:28:05,997]  There is no such pollution name in kind list : <qpf> [https://www.wunderground.com]
[LINE:421]# WARNING  [2017-04-03 13:28:05,997]  There is no such pollution name in kind list : <fctcode> [https://www.wunderground.com]
[LINE:360]# WARNING  [2017-04-03 13:28:05,997]  Correct pollutant value NOT in default units list : <sn_d> [https://www.wunderground.com]
[LINE:474]# WARNING  [2017-04-03 13:28:05,997]  Units are not convertible (call func: _mm_to_None) : |mm to None| [https://www.wunderground.com]
[LINE:421]# WARNING  [2017-04-03 13:28:05,998]  There is no such pollution name in kind list : <wx> [https://www.wunderground.com]
[LINE:421]# WARNING  [2017-04-03 13:28:05,998]  There is no such pollution name in kind list : <uvi> [https://www.wunderground.com]
[LINE:421]# WARNING  [2017-04-03 13:28:05,998]  There is no such pollution name in kind list : <pop> [https://www.wunderground.com]
[LINE:421]# WARNING  [2017-04-03 13:28:05,998]  There is no such pollution name in kind list : <wspd> [https://www.wunderground.com]
[LINE:421]# WARNING  [2017-04-03 13:28:05,998]  There is no such pollution name in kind list : <condition> [https://www.wunderground.com]
[LINE:421]# WARNING  [2017-04-03 13:28:05,998]  There is no such pollution name in kind list : <icon> [https://www.wunderground.com]
[LINE:421]# WARNING  [2017-04-03 13:28:05,999]  There is no such pollution name in kind list : <windchill> [https://www.wunderground.com]
[LINE:421]# WARNING  [2017-04-03 13:28:05,999]  There is no such pollution name in kind list : <heatindex> [https://www.wunderground.com]
[LINE:421]# WARNING  [2017-04-03 13:28:05,999]  There is no such pollution name in kind list : <feelslike> [https://www.wunderground.com]
[LINE:421]# WARNING  [2017-04-03 13:28:05,999]  There is no such pollution name in kind list : <icon_url> [https://www.wunderground.com]
[LINE:421]# WARNING  [2017-04-03 13:28:05,999]  There is no such pollution name in kind list : <qpf> [https://www.wunderground.com]
[LINE:421]# WARNING  [2017-04-03 13:28:06,000]  There is no such pollution name in kind list : <fctcode> [https://www.wunderground.com]
[LINE:360]# WARNING  [2017-04-03 13:28:06,000]  Correct pollutant value NOT in default units list : <sn_d> [https://www.wunderground.com]
[LINE:474]# WARNING  [2017-04-03 13:28:06,000]  Units are not convertible (call func: _mm_to_None) : |mm to None| [https://www.wunderground.com]
[LINE:421]# WARNING  [2017-04-03 13:28:06,000]  There is no such pollution name in kind list : <wx> [https://www.wunderground.com]
[LINE:421]# WARNING  [2017-04-03 13:28:06,000]  There is no such pollution name in kind list : <uvi> [https://www.wunderground.com]
[LINE:421]# WARNING  [2017-04-03 13:28:06,000]  There is no such pollution name in kind list : <pop> [https://www.wunderground.com]
[LINE:421]# WARNING  [2017-04-03 13:28:06,001]  There is no such pollution name in kind list : <wspd> [https://www.wunderground.com]
[LINE:421]# WARNING  [2017-04-03 13:28:06,001]  There is no such pollution name in kind list : <condition> [https://www.wunderground.com]
[LINE:421]# WARNING  [2017-04-03 13:28:06,001]  There is no such pollution name in kind list : <icon> [https://www.wunderground.com]
[LINE:421]# WARNING  [2017-04-03 13:28:06,001]  There is no such pollution name in kind list : <windchill> [https://www.wunderground.com]
[LINE:421]# WARNING  [2017-04-03 13:28:06,001]  There is no such pollution name in kind list : <heatindex> [https://www.wunderground.com]
[LINE:421]# WARNING  [2017-04-03 13:28:06,002]  There is no such pollution name in kind list : <feelslike> [https://www.wunderground.com]
[LINE:421]# WARNING  [2017-04-03 13:28:06,002]  There is no such pollution name in kind list : <icon_url> [https://www.wunderground.com]
[LINE:421]# WARNING  [2017-04-03 13:28:06,002]  There is no such pollution name in kind list : <qpf> [https://www.wunderground.com]
[LINE:421]# WARNING  [2017-04-03 13:28:06,002]  There is no such pollution name in kind list : <fctcode> [https://www.wunderground.com]
[LINE:360]# WARNING  [2017-04-03 13:28:06,002]  Correct pollutant value NOT in default units list : <sn_d> [https://www.wunderground.com]
[LINE:474]# WARNING  [2017-04-03 13:28:06,002]  Units are not convertible (call func: _mm_to_None) : |mm to None| [https://www.wunderground.com]
[LINE:421]# WARNING  [2017-04-03 13:28:06,003]  There is no such pollution name in kind list : <wx> [https://www.wunderground.com]
[LINE:421]# WARNING  [2017-04-03 13:28:06,003]  There is no such pollution name in kind list : <uvi> [https://www.wunderground.com]
[LINE:421]# WARNING  [2017-04-03 13:28:06,003]  There is no such pollution name in kind list : <pop> [https://www.wunderground.com]
[LINE:421]# WARNING  [2017-04-03 13:28:06,003]  There is no such pollution name in kind list : <wspd> [https://www.wunderground.com]
[LINE:421]# WARNING  [2017-04-03 13:28:06,003]  There is no such pollution name in kind list : <condition> [https://www.wunderground.com]
[LINE:421]# WARNING  [2017-04-03 13:28:06,003]  There is no such pollution name in kind list : <icon> [https://www.wunderground.com]
[LINE:421]# WARNING  [2017-04-03 13:28:06,004]  There is no such pollution name in kind list : <windchill> [https://www.wunderground.com]
[LINE:421]# WARNING  [2017-04-03 13:28:06,004]  There is no such pollution name in kind list : <heatindex> [https://www.wunderground.com]
[LINE:421]# WARNING  [2017-04-03 13:28:06,004]  There is no such pollution name in kind list : <feelslike> [https://www.wunderground.com]
[LINE:421]# WARNING  [2017-04-03 13:28:06,004]  There is no such pollution name in kind list : <icon_url> [https://www.wunderground.com]
[LINE:421]# WARNING  [2017-04-03 13:28:06,005]  There is no such pollution name in kind list : <qpf> [https://www.wunderground.com]
[LINE:421]# WARNING  [2017-04-03 13:28:06,005]  There is no such pollution name in kind list : <fctcode> [https://www.wunderground.com]
[LINE:360]# WARNING  [2017-04-03 13:28:06,005]  Correct pollutant value NOT in default units list : <sn_d> [https://www.wunderground.com]
[LINE:474]# WARNING  [2017-04-03 13:28:06,005]  Units are not convertible (call func: _mm_to_None) : |mm to None| [https://www.wunderground.com]
[LINE:421]# WARNING  [2017-04-03 13:28:06,005]  There is no such pollution name in kind list : <wx> [https://www.wunderground.com]
[LINE:421]# WARNING  [2017-04-03 13:28:06,005]  There is no such pollution name in kind list : <uvi> [https://www.wunderground.com]
[LINE:421]# WARNING  [2017-04-03 13:28:06,006]  There is no such pollution name in kind list : <pop> [https://www.wunderground.com]
[LINE:421]# WARNING  [2017-04-03 13:28:06,006]  There is no such pollution name in kind list : <wspd> [https://www.wunderground.com]
[LINE:421]# WARNING  [2017-04-03 13:28:06,006]  There is no such pollution name in kind list : <condition> [https://www.wunderground.com]
[LINE:421]# WARNING  [2017-04-03 13:28:06,006]  There is no such pollution name in kind list : <icon> [https://www.wunderground.com]
[LINE:421]# WARNING  [2017-04-03 13:28:06,006]  There is no such pollution name in kind list : <windchill> [https://www.wunderground.com]
[LINE:421]# WARNING  [2017-04-03 13:28:06,007]  There is no such pollution name in kind list : <heatindex> [https://www.wunderground.com]
[LINE:421]# WARNING  [2017-04-03 13:28:06,007]  There is no such pollution name in kind list : <feelslike> [https://www.wunderground.com]
[LINE:421]# WARNING  [2017-04-03 13:28:06,007]  There is no such pollution name in kind list : <icon_url> [https://www.wunderground.com]
[LINE:421]# WARNING  [2017-04-03 13:28:06,007]  There is no such pollution name in kind list : <qpf> [https://www.wunderground.com]
[LINE:421]# WARNING  [2017-04-03 13:28:06,007]  There is no such pollution name in kind list : <fctcode> [https://www.wunderground.com]
[LINE:360]# WARNING  [2017-04-03 13:28:06,008]  Correct pollutant value NOT in default units list : <sn_d> [https://www.wunderground.com]
[LINE:474]# WARNING  [2017-04-03 13:28:06,008]  Units are not convertible (call func: _mm_to_None) : |mm to None| [https://www.wunderground.com]
[LINE:421]# WARNING  [2017-04-03 13:28:06,008]  There is no such pollution name in kind list : <wx> [https://www.wunderground.com]
[LINE:421]# WARNING  [2017-04-03 13:28:06,008]  There is no such pollution name in kind list : <uvi> [https://www.wunderground.com]
[LINE:421]# WARNING  [2017-04-03 13:28:06,008]  There is no such pollution name in kind list : <pop> [https://www.wunderground.com]
[LINE:421]# WARNING  [2017-04-03 13:28:06,008]  There is no such pollution name in kind list : <wspd> [https://www.wunderground.com]
[LINE:421]# WARNING  [2017-04-03 13:28:06,008]  There is no such pollution name in kind list : <condition> [https://www.wunderground.com]
[LINE:421]# WARNING  [2017-04-03 13:28:06,009]  There is no such pollution name in kind list : <icon> [https://www.wunderground.com]
[LINE:421]# WARNING  [2017-04-03 13:28:06,009]  There is no such pollution name in kind list : <windchill> [https://www.wunderground.com]
[LINE:421]# WARNING  [2017-04-03 13:28:06,009]  There is no such pollution name in kind list : <heatindex> [https://www.wunderground.com]
[LINE:421]# WARNING  [2017-04-03 13:28:06,009]  There is no such pollution name in kind list : <feelslike> [https://www.wunderground.com]
[LINE:421]# WARNING  [2017-04-03 13:28:06,010]  There is no such pollution name in kind list : <icon_url> [https://www.wunderground.com]
[LINE:421]# WARNING  [2017-04-03 13:28:06,010]  There is no such pollution name in kind list : <qpf> [https://www.wunderground.com]
[LINE:421]# WARNING  [2017-04-03 13:28:06,010]  There is no such pollution name in kind list : <fctcode> [https://www.wunderground.com]
[LINE:360]# WARNING  [2017-04-03 13:28:06,010]  Correct pollutant value NOT in default units list : <sn_d> [https://www.wunderground.com]
[LINE:474]# WARNING  [2017-04-03 13:28:06,010]  Units are not convertible (call func: _mm_to_None) : |mm to None| [https://www.wunderground.com]
[LINE:421]# WARNING  [2017-04-03 13:28:06,010]  There is no such pollution name in kind list : <wx> [https://www.wunderground.com]
[LINE:421]# WARNING  [2017-04-03 13:28:06,011]  There is no such pollution name in kind list : <uvi> [https://www.wunderground.com]
[LINE:421]# WARNING  [2017-04-03 13:28:06,011]  There is no such pollution name in kind list : <pop> [https://www.wunderground.com]
[LINE:421]# WARNING  [2017-04-03 13:28:06,011]  There is no such pollution name in kind list : <wspd> [https://www.wunderground.com]
[LINE:421]# WARNING  [2017-04-03 13:28:06,011]  There is no such pollution name in kind list : <condition> [https://www.wunderground.com]
[LINE:421]# WARNING  [2017-04-03 13:28:06,011]  There is no such pollution name in kind list : <icon> [https://www.wunderground.com]
[LINE:421]# WARNING  [2017-04-03 13:28:06,012]  There is no such pollution name in kind list : <windchill> [https://www.wunderground.com]
[LINE:421]# WARNING  [2017-04-03 13:28:06,012]  There is no such pollution name in kind list : <heatindex> [https://www.wunderground.com]
[LINE:421]# WARNING  [2017-04-03 13:28:06,012]  There is no such pollution name in kind list : <feelslike> [https://www.wunderground.com]
[LINE:421]# WARNING  [2017-04-03 13:28:06,012]  There is no such pollution name in kind list : <icon_url> [https://www.wunderground.com]
[LINE:421]# WARNING  [2017-04-03 13:28:06,012]  There is no such pollution name in kind list : <qpf> [https://www.wunderground.com]
[LINE:421]# WARNING  [2017-04-03 13:28:06,012]  There is no such pollution name in kind list : <fctcode> [https://www.wunderground.com]
[LINE:360]# WARNING  [2017-04-03 13:28:06,013]  Correct pollutant value NOT in default units list : <sn_d> [https://www.wunderground.com]
[LINE:474]# WARNING  [2017-04-03 13:28:06,013]  Units are not convertible (call func: _mm_to_None) : |mm to None| [https://www.wunderground.com]
[LINE:421]# WARNING  [2017-04-03 13:28:06,013]  There is no such pollution name in kind list : <wx> [https://www.wunderground.com]
[LINE:421]# WARNING  [2017-04-03 13:28:06,013]  There is no such pollution name in kind list : <uvi> [https://www.wunderground.com]
[LINE:421]# WARNING  [2017-04-03 13:28:06,013]  There is no such pollution name in kind list : <pop> [https://www.wunderground.com]
[LINE:421]# WARNING  [2017-04-03 13:28:06,013]  There is no such pollution name in kind list : <wspd> [https://www.wunderground.com]
[LINE:421]# WARNING  [2017-04-03 13:28:06,014]  There is no such pollution name in kind list : <condition> [https://www.wunderground.com]
[LINE:421]# WARNING  [2017-04-03 13:28:06,014]  There is no such pollution name in kind list : <icon> [https://www.wunderground.com]
[LINE:421]# WARNING  [2017-04-03 13:28:06,014]  There is no such pollution name in kind list : <windchill> [https://www.wunderground.com]
[LINE:421]# WARNING  [2017-04-03 13:28:06,014]  There is no such pollution name in kind list : <heatindex> [https://www.wunderground.com]
[LINE:421]# WARNING  [2017-04-03 13:28:06,014]  There is no such pollution name in kind list : <feelslike> [https://www.wunderground.com]
[LINE:421]# WARNING  [2017-04-03 13:28:06,015]  There is no such pollution name in kind list : <icon_url> [https://www.wunderground.com]
[LINE:421]# WARNING  [2017-04-03 13:28:06,015]  There is no such pollution name in kind list : <qpf> [https://www.wunderground.com]
[LINE:421]# WARNING  [2017-04-03 13:28:06,015]  There is no such pollution name in kind list : <fctcode> [https://www.wunderground.com]
[LINE:360]# WARNING  [2017-04-03 13:28:06,015]  Correct pollutant value NOT in default units list : <sn_d> [https://www.wunderground.com]
[LINE:474]# WARNING  [2017-04-03 13:28:06,015]  Units are not convertible (call func: _mm_to_None) : |mm to None| [https://www.wunderground.com]
[LINE:421]# WARNING  [2017-04-03 13:28:06,015]  There is no such pollution name in kind list : <wx> [https://www.wunderground.com]
[LINE:421]# WARNING  [2017-04-03 13:28:06,016]  There is no such pollution name in kind list : <uvi> [https://www.wunderground.com]
[LINE:421]# WARNING  [2017-04-03 13:28:06,016]  There is no such pollution name in kind list : <pop> [https://www.wunderground.com]
[LINE:421]# WARNING  [2017-04-03 13:28:06,016]  There is no such pollution name in kind list : <wspd> [https://www.wunderground.com]
[LINE:421]# WARNING  [2017-04-03 13:28:06,016]  There is no such pollution name in kind list : <condition> [https://www.wunderground.com]
[LINE:421]# WARNING  [2017-04-03 13:28:06,016]  There is no such pollution name in kind list : <icon> [https://www.wunderground.com]
[LINE:421]# WARNING  [2017-04-03 13:28:06,017]  There is no such pollution name in kind list : <windchill> [https://www.wunderground.com]
[LINE:421]# WARNING  [2017-04-03 13:28:06,017]  There is no such pollution name in kind list : <heatindex> [https://www.wunderground.com]
[LINE:421]# WARNING  [2017-04-03 13:28:06,017]  There is no such pollution name in kind list : <feelslike> [https://www.wunderground.com]
[LINE:421]# WARNING  [2017-04-03 13:28:06,017]  There is no such pollution name in kind list : <icon_url> [https://www.wunderground.com]
[LINE:421]# WARNING  [2017-04-03 13:28:06,017]  There is no such pollution name in kind list : <qpf> [https://www.wunderground.com]
[LINE:421]# WARNING  [2017-04-03 13:28:06,018]  There is no such pollution name in kind list : <fctcode> [https://www.wunderground.com]
[LINE:360]# WARNING  [2017-04-03 13:28:06,018]  Correct pollutant value NOT in default units list : <sn_d> [https://www.wunderground.com]
[LINE:474]# WARNING  [2017-04-03 13:28:06,018]  Units are not convertible (call func: _mm_to_None) : |mm to None| [https://www.wunderground.com]
[LINE:421]# WARNING  [2017-04-03 13:28:06,018]  There is no such pollution name in kind list : <wx> [https://www.wunderground.com]
[LINE:421]# WARNING  [2017-04-03 13:28:06,018]  There is no such pollution name in kind list : <uvi> [https://www.wunderground.com]
[LINE:421]# WARNING  [2017-04-03 13:28:06,018]  There is no such pollution name in kind list : <pop> [https://www.wunderground.com]
[LINE:421]# WARNING  [2017-04-03 13:28:06,018]  There is no such pollution name in kind list : <wspd> [https://www.wunderground.com]
[LINE:421]# WARNING  [2017-04-03 13:28:06,019]  There is no such pollution name in kind list : <condition> [https://www.wunderground.com]
[LINE:421]# WARNING  [2017-04-03 13:28:06,019]  There is no such pollution name in kind list : <icon> [https://www.wunderground.com]
[LINE:421]# WARNING  [2017-04-03 13:28:06,019]  There is no such pollution name in kind list : <windchill> [https://www.wunderground.com]
[LINE:421]# WARNING  [2017-04-03 13:28:06,019]  There is no such pollution name in kind list : <heatindex> [https://www.wunderground.com]
[LINE:421]# WARNING  [2017-04-03 13:28:06,020]  There is no such pollution name in kind list : <feelslike> [https://www.wunderground.com]
[LINE:421]# WARNING  [2017-04-03 13:28:06,020]  There is no such pollution name in kind list : <icon_url> [https://www.wunderground.com]
[LINE:421]# WARNING  [2017-04-03 13:28:06,020]  There is no such pollution name in kind list : <qpf> [https://www.wunderground.com]
[LINE:421]# WARNING  [2017-04-03 13:28:06,020]  There is no such pollution name in kind list : <fctcode> [https://www.wunderground.com]
[LINE:360]# WARNING  [2017-04-03 13:28:06,020]  Correct pollutant value NOT in default units list : <sn_d> [https://www.wunderground.com]
[LINE:474]# WARNING  [2017-04-03 13:28:06,020]  Units are not convertible (call func: _mm_to_None) : |mm to None| [https://www.wunderground.com]
[LINE:421]# WARNING  [2017-04-03 13:28:06,021]  There is no such pollution name in kind list : <wx> [https://www.wunderground.com]
[LINE:421]# WARNING  [2017-04-03 13:28:06,021]  There is no such pollution name in kind list : <uvi> [https://www.wunderground.com]
[LINE:421]# WARNING  [2017-04-03 13:28:06,021]  There is no such pollution name in kind list : <pop> [https://www.wunderground.com]
[LINE:421]# WARNING  [2017-04-03 13:28:06,021]  There is no such pollution name in kind list : <wspd> [https://www.wunderground.com]
[LINE:421]# WARNING  [2017-04-03 13:28:06,021]  There is no such pollution name in kind list : <condition> [https://www.wunderground.com]
[LINE:421]# WARNING  [2017-04-03 13:28:06,021]  There is no such pollution name in kind list : <icon> [https://www.wunderground.com]
[LINE:421]# WARNING  [2017-04-03 13:28:06,022]  There is no such pollution name in kind list : <windchill> [https://www.wunderground.com]
[LINE:421]# WARNING  [2017-04-03 13:28:06,022]  There is no such pollution name in kind list : <heatindex> [https://www.wunderground.com]
[LINE:421]# WARNING  [2017-04-03 13:28:06,022]  There is no such pollution name in kind list : <feelslike> [https://www.wunderground.com]
[LINE:421]# WARNING  [2017-04-03 13:28:06,022]  There is no such pollution name in kind list : <icon_url> [https://www.wunderground.com]
[LINE:421]# WARNING  [2017-04-03 13:28:06,023]  There is no such pollution name in kind list : <qpf> [https://www.wunderground.com]
[LINE:421]# WARNING  [2017-04-03 13:28:06,023]  There is no such pollution name in kind list : <fctcode> [https://www.wunderground.com]
[LINE:360]# WARNING  [2017-04-03 13:28:06,023]  Correct pollutant value NOT in default units list : <sn_d> [https://www.wunderground.com]
[LINE:474]# WARNING  [2017-04-03 13:28:06,023]  Units are not convertible (call func: _mm_to_None) : |mm to None| [https://www.wunderground.com]
[LINE:421]# WARNING  [2017-04-03 13:28:06,023]  There is no such pollution name in kind list : <wx> [https://www.wunderground.com]
[LINE:421]# WARNING  [2017-04-03 13:28:06,023]  There is no such pollution name in kind list : <uvi> [https://www.wunderground.com]
[LINE:421]# WARNING  [2017-04-03 13:28:06,024]  There is no such pollution name in kind list : <pop> [https://www.wunderground.com]
[LINE:421]# WARNING  [2017-04-03 13:28:06,024]  There is no such pollution name in kind list : <wspd> [https://www.wunderground.com]
[LINE:421]# WARNING  [2017-04-03 13:28:06,024]  There is no such pollution name in kind list : <condition> [https://www.wunderground.com]
[LINE:421]# WARNING  [2017-04-03 13:28:06,024]  There is no such pollution name in kind list : <icon> [https://www.wunderground.com]
[LINE:421]# WARNING  [2017-04-03 13:28:06,024]  There is no such pollution name in kind list : <windchill> [https://www.wunderground.com]
[LINE:421]# WARNING  [2017-04-03 13:28:06,024]  There is no such pollution name in kind list : <heatindex> [https://www.wunderground.com]
[LINE:421]# WARNING  [2017-04-03 13:28:06,025]  There is no such pollution name in kind list : <feelslike> [https://www.wunderground.com]
[LINE:421]# WARNING  [2017-04-03 13:28:06,025]  There is no such pollution name in kind list : <icon_url> [https://www.wunderground.com]
[LINE:421]# WARNING  [2017-04-03 13:28:06,025]  There is no such pollution name in kind list : <qpf> [https://www.wunderground.com]
[LINE:421]# WARNING  [2017-04-03 13:28:06,025]  There is no such pollution name in kind list : <fctcode> [https://www.wunderground.com]
[LINE:360]# WARNING  [2017-04-03 13:28:06,026]  Correct pollutant value NOT in default units list : <sn_d> [https://www.wunderground.com]
[LINE:474]# WARNING  [2017-04-03 13:28:06,026]  Units are not convertible (call func: _mm_to_None) : |mm to None| [https://www.wunderground.com]
[LINE:421]# WARNING  [2017-04-03 13:28:06,026]  There is no such pollution name in kind list : <wx> [https://www.wunderground.com]
[LINE:421]# WARNING  [2017-04-03 13:28:06,026]  There is no such pollution name in kind list : <uvi> [https://www.wunderground.com]
[LINE:421]# WARNING  [2017-04-03 13:28:06,026]  There is no such pollution name in kind list : <pop> [https://www.wunderground.com]
[LINE:421]# WARNING  [2017-04-03 13:28:06,026]  There is no such pollution name in kind list : <wspd> [https://www.wunderground.com]
[LINE:421]# WARNING  [2017-04-03 13:28:06,026]  There is no such pollution name in kind list : <condition> [https://www.wunderground.com]
[LINE:421]# WARNING  [2017-04-03 13:28:06,027]  There is no such pollution name in kind list : <icon> [https://www.wunderground.com]
[LINE:421]# WARNING  [2017-04-03 13:28:06,027]  There is no such pollution name in kind list : <windchill> [https://www.wunderground.com]
[LINE:421]# WARNING  [2017-04-03 13:28:06,027]  There is no such pollution name in kind list : <heatindex> [https://www.wunderground.com]
[LINE:421]# WARNING  [2017-04-03 13:28:06,027]  There is no such pollution name in kind list : <feelslike> [https://www.wunderground.com]
[LINE:421]# WARNING  [2017-04-03 13:28:06,028]  There is no such pollution name in kind list : <icon_url> [https://www.wunderground.com]
[LINE:421]# WARNING  [2017-04-03 13:28:06,028]  There is no such pollution name in kind list : <qpf> [https://www.wunderground.com]
[LINE:421]# WARNING  [2017-04-03 13:28:06,028]  There is no such pollution name in kind list : <fctcode> [https://www.wunderground.com]
[LINE:360]# WARNING  [2017-04-03 13:28:06,028]  Correct pollutant value NOT in default units list : <sn_d> [https://www.wunderground.com]
[LINE:474]# WARNING  [2017-04-03 13:28:06,028]  Units are not convertible (call func: _mm_to_None) : |mm to None| [https://www.wunderground.com]
[LINE:421]# WARNING  [2017-04-03 13:28:06,028]  There is no such pollution name in kind list : <wx> [https://www.wunderground.com]
[LINE:421]# WARNING  [2017-04-03 13:28:06,029]  There is no such pollution name in kind list : <uvi> [https://www.wunderground.com]
[LINE:421]# WARNING  [2017-04-03 13:28:06,029]  There is no such pollution name in kind list : <pop> [https://www.wunderground.com]
[LINE:421]# WARNING  [2017-04-03 13:28:06,029]  There is no such pollution name in kind list : <wspd> [https://www.wunderground.com]
[LINE:421]# WARNING  [2017-04-03 13:28:06,029]  There is no such pollution name in kind list : <condition> [https://www.wunderground.com]
[LINE:421]# WARNING  [2017-04-03 13:28:06,029]  There is no such pollution name in kind list : <icon> [https://www.wunderground.com]
[LINE:421]# WARNING  [2017-04-03 13:28:06,030]  There is no such pollution name in kind list : <windchill> [https://www.wunderground.com]
[LINE:421]# WARNING  [2017-04-03 13:28:06,030]  There is no such pollution name in kind list : <heatindex> [https://www.wunderground.com]
[LINE:421]# WARNING  [2017-04-03 13:28:06,030]  There is no such pollution name in kind list : <feelslike> [https://www.wunderground.com]
[LINE:421]# WARNING  [2017-04-03 13:28:06,030]  There is no such pollution name in kind list : <icon_url> [https://www.wunderground.com]
[LINE:421]# WARNING  [2017-04-03 13:28:06,030]  There is no such pollution name in kind list : <qpf> [https://www.wunderground.com]
[LINE:421]# WARNING  [2017-04-03 13:28:06,031]  There is no such pollution name in kind list : <fctcode> [https://www.wunderground.com]
[LINE:360]# WARNING  [2017-04-03 13:28:06,031]  Correct pollutant value NOT in default units list : <sn_d> [https://www.wunderground.com]
[LINE:474]# WARNING  [2017-04-03 13:28:06,031]  Units are not convertible (call func: _mm_to_None) : |mm to None| [https://www.wunderground.com]
[LINE:421]# WARNING  [2017-04-03 13:28:06,031]  There is no such pollution name in kind list : <wx> [https://www.wunderground.com]
[LINE:421]# WARNING  [2017-04-03 13:28:06,031]  There is no such pollution name in kind list : <uvi> [https://www.wunderground.com]
[LINE:421]# WARNING  [2017-04-03 13:28:06,031]  There is no such pollution name in kind list : <pop> [https://www.wunderground.com]
[LINE:421]# WARNING  [2017-04-03 13:28:06,031]  There is no such pollution name in kind list : <wspd> [https://www.wunderground.com]
[LINE:421]# WARNING  [2017-04-03 13:28:06,032]  There is no such pollution name in kind list : <condition> [https://www.wunderground.com]
[LINE:421]# WARNING  [2017-04-03 13:28:06,032]  There is no such pollution name in kind list : <icon> [https://www.wunderground.com]
[LINE:421]# WARNING  [2017-04-03 13:28:06,032]  There is no such pollution name in kind list : <windchill> [https://www.wunderground.com]
[LINE:421]# WARNING  [2017-04-03 13:28:06,032]  There is no such pollution name in kind list : <heatindex> [https://www.wunderground.com]
[LINE:421]# WARNING  [2017-04-03 13:28:06,033]  There is no such pollution name in kind list : <feelslike> [https://www.wunderground.com]
[LINE:421]# WARNING  [2017-04-03 13:28:06,033]  There is no such pollution name in kind list : <icon_url> [https://www.wunderground.com]
[LINE:421]# WARNING  [2017-04-03 13:28:06,033]  There is no such pollution name in kind list : <qpf> [https://www.wunderground.com]
[LINE:421]# WARNING  [2017-04-03 13:28:06,033]  There is no such pollution name in kind list : <fctcode> [https://www.wunderground.com]
[LINE:360]# WARNING  [2017-04-03 13:28:06,033]  Correct pollutant value NOT in default units list : <sn_d> [https://www.wunderground.com]
[LINE:474]# WARNING  [2017-04-03 13:28:06,033]  Units are not convertible (call func: _mm_to_None) : |mm to None| [https://www.wunderground.com]
[LINE:421]# WARNING  [2017-04-03 13:28:06,034]  There is no such pollution name in kind list : <wx> [https://www.wunderground.com]
[LINE:421]# WARNING  [2017-04-03 13:28:06,034]  There is no such pollution name in kind list : <uvi> [https://www.wunderground.com]
[LINE:421]# WARNING  [2017-04-03 13:28:06,034]  There is no such pollution name in kind list : <pop> [https://www.wunderground.com]
[LINE:421]# WARNING  [2017-04-03 13:28:06,034]  There is no such pollution name in kind list : <wspd> [https://www.wunderground.com]
[LINE:421]# WARNING  [2017-04-03 13:28:06,034]  There is no such pollution name in kind list : <condition> [https://www.wunderground.com]
[LINE:421]# WARNING  [2017-04-03 13:28:06,034]  There is no such pollution name in kind list : <icon> [https://www.wunderground.com]
[LINE:421]# WARNING  [2017-04-03 13:28:06,035]  There is no such pollution name in kind list : <windchill> [https://www.wunderground.com]
[LINE:421]# WARNING  [2017-04-03 13:28:06,035]  There is no such pollution name in kind list : <heatindex> [https://www.wunderground.com]
[LINE:421]# WARNING  [2017-04-03 13:28:06,035]  There is no such pollution name in kind list : <feelslike> [https://www.wunderground.com]
[LINE:421]# WARNING  [2017-04-03 13:28:06,035]  There is no such pollution name in kind list : <icon_url> [https://www.wunderground.com]
[LINE:421]# WARNING  [2017-04-03 13:28:06,036]  There is no such pollution name in kind list : <qpf> [https://www.wunderground.com]
[LINE:421]# WARNING  [2017-04-03 13:28:06,036]  There is no such pollution name in kind list : <fctcode> [https://www.wunderground.com]
[LINE:360]# WARNING  [2017-04-03 13:28:06,036]  Correct pollutant value NOT in default units list : <sn_d> [https://www.wunderground.com]
[LINE:474]# WARNING  [2017-04-03 13:28:06,036]  Units are not convertible (call func: _mm_to_None) : |mm to None| [https://www.wunderground.com]
[LINE:421]# WARNING  [2017-04-03 13:28:06,036]  There is no such pollution name in kind list : <wx> [https://www.wunderground.com]
[LINE:421]# WARNING  [2017-04-03 13:28:06,036]  There is no such pollution name in kind list : <uvi> [https://www.wunderground.com]
[LINE:421]# WARNING  [2017-04-03 13:28:06,037]  There is no such pollution name in kind list : <pop> [https://www.wunderground.com]
[LINE:421]# WARNING  [2017-04-03 13:28:06,037]  There is no such pollution name in kind list : <wspd> [https://www.wunderground.com]
[LINE:421]# WARNING  [2017-04-03 13:28:06,037]  There is no such pollution name in kind list : <condition> [https://www.wunderground.com]
[LINE:421]# WARNING  [2017-04-03 13:28:06,037]  There is no such pollution name in kind list : <icon> [https://www.wunderground.com]
[LINE:421]# WARNING  [2017-04-03 13:28:06,037]  There is no such pollution name in kind list : <windchill> [https://www.wunderground.com]
[LINE:421]# WARNING  [2017-04-03 13:28:06,037]  There is no such pollution name in kind list : <heatindex> [https://www.wunderground.com]
[LINE:421]# WARNING  [2017-04-03 13:28:06,038]  There is no such pollution name in kind list : <feelslike> [https://www.wunderground.com]
[LINE:421]# WARNING  [2017-04-03 13:28:06,038]  There is no such pollution name in kind list : <icon_url> [https://www.wunderground.com]
[LINE:421]# WARNING  [2017-04-03 13:28:06,038]  There is no such pollution name in kind list : <qpf> [https://www.wunderground.com]
[LINE:421]# WARNING  [2017-04-03 13:28:06,038]  There is no such pollution name in kind list : <fctcode> [https://www.wunderground.com]
[LINE:360]# WARNING  [2017-04-03 13:28:06,039]  Correct pollutant value NOT in default units list : <sn_d> [https://www.wunderground.com]
[LINE:474]# WARNING  [2017-04-03 13:28:06,039]  Units are not convertible (call func: _mm_to_None) : |mm to None| [https://www.wunderground.com]
[LINE:421]# WARNING  [2017-04-03 13:28:06,039]  There is no such pollution name in kind list : <wx> [https://www.wunderground.com]
[LINE:421]# WARNING  [2017-04-03 13:28:06,039]  There is no such pollution name in kind list : <uvi> [https://www.wunderground.com]
[LINE:421]# WARNING  [2017-04-03 13:28:06,039]  There is no such pollution name in kind list : <pop> [https://www.wunderground.com]
[LINE:421]# WARNING  [2017-04-03 13:28:06,039]  There is no such pollution name in kind list : <wspd> [https://www.wunderground.com]
[LINE:421]# WARNING  [2017-04-03 13:28:06,039]  There is no such pollution name in kind list : <condition> [https://www.wunderground.com]
[LINE:421]# WARNING  [2017-04-03 13:28:06,040]  There is no such pollution name in kind list : <icon> [https://www.wunderground.com]
[LINE:421]# WARNING  [2017-04-03 13:28:06,040]  There is no such pollution name in kind list : <windchill> [https://www.wunderground.com]
[LINE:421]# WARNING  [2017-04-03 13:28:06,040]  There is no such pollution name in kind list : <heatindex> [https://www.wunderground.com]
[LINE:421]# WARNING  [2017-04-03 13:28:06,040]  There is no such pollution name in kind list : <feelslike> [https://www.wunderground.com]
[LINE:421]# WARNING  [2017-04-03 13:28:06,041]  There is no such pollution name in kind list : <icon_url> [https://www.wunderground.com]
[LINE:421]# WARNING  [2017-04-03 13:28:06,041]  There is no such pollution name in kind list : <qpf> [https://www.wunderground.com]
[LINE:421]# WARNING  [2017-04-03 13:28:06,041]  There is no such pollution name in kind list : <fctcode> [https://www.wunderground.com]
[LINE:360]# WARNING  [2017-04-03 13:28:06,041]  Correct pollutant value NOT in default units list : <sn_d> [https://www.wunderground.com]
[LINE:474]# WARNING  [2017-04-03 13:28:06,041]  Units are not convertible (call func: _mm_to_None) : |mm to None| [https://www.wunderground.com]
[LINE:421]# WARNING  [2017-04-03 13:28:06,041]  There is no such pollution name in kind list : <wx> [https://www.wunderground.com]
[LINE:421]# WARNING  [2017-04-03 13:28:06,042]  There is no such pollution name in kind list : <uvi> [https://www.wunderground.com]
[LINE:421]# WARNING  [2017-04-03 13:28:06,042]  There is no such pollution name in kind list : <pop> [https://www.wunderground.com]
[LINE:421]# WARNING  [2017-04-03 13:28:06,042]  There is no such pollution name in kind list : <wspd> [https://www.wunderground.com]
[LINE:421]# WARNING  [2017-04-03 13:28:06,042]  There is no such pollution name in kind list : <condition> [https://www.wunderground.com]
[LINE:421]# WARNING  [2017-04-03 13:28:06,042]  There is no such pollution name in kind list : <icon> [https://www.wunderground.com]
[LINE:421]# WARNING  [2017-04-03 13:28:06,042]  There is no such pollution name in kind list : <windchill> [https://www.wunderground.com]
[LINE:421]# WARNING  [2017-04-03 13:28:06,043]  There is no such pollution name in kind list : <heatindex> [https://www.wunderground.com]
[LINE:421]# WARNING  [2017-04-03 13:28:06,043]  There is no such pollution name in kind list : <feelslike> [https://www.wunderground.com]
[LINE:421]# WARNING  [2017-04-03 13:28:06,043]  There is no such pollution name in kind list : <icon_url> [https://www.wunderground.com]
[LINE:421]# WARNING  [2017-04-03 13:28:06,043]  There is no such pollution name in kind list : <qpf> [https://www.wunderground.com]
[LINE:421]# WARNING  [2017-04-03 13:28:06,043]  There is no such pollution name in kind list : <fctcode> [https://www.wunderground.com]
[LINE:360]# WARNING  [2017-04-03 13:28:06,044]  Correct pollutant value NOT in default units list : <sn_d> [https://www.wunderground.com]
[LINE:474]# WARNING  [2017-04-03 13:28:06,044]  Units are not convertible (call func: _mm_to_None) : |mm to None| [https://www.wunderground.com]
[LINE:421]# WARNING  [2017-04-03 13:28:06,044]  There is no such pollution name in kind list : <wx> [https://www.wunderground.com]
[LINE:421]# WARNING  [2017-04-03 13:28:06,044]  There is no such pollution name in kind list : <uvi> [https://www.wunderground.com]
[LINE:421]# WARNING  [2017-04-03 13:28:06,044]  There is no such pollution name in kind list : <pop> [https://www.wunderground.com]
[LINE:421]# WARNING  [2017-04-03 13:28:06,044]  There is no such pollution name in kind list : <wspd> [https://www.wunderground.com]
[LINE:421]# WARNING  [2017-04-03 13:28:06,045]  There is no such pollution name in kind list : <condition> [https://www.wunderground.com]
[LINE:421]# WARNING  [2017-04-03 13:28:06,045]  There is no such pollution name in kind list : <icon> [https://www.wunderground.com]
[LINE:421]# WARNING  [2017-04-03 13:28:06,045]  There is no such pollution name in kind list : <windchill> [https://www.wunderground.com]
[LINE:421]# WARNING  [2017-04-03 13:28:06,045]  There is no such pollution name in kind list : <heatindex> [https://www.wunderground.com]
[LINE:421]# WARNING  [2017-04-03 13:28:06,046]  There is no such pollution name in kind list : <feelslike> [https://www.wunderground.com]
[LINE:421]# WARNING  [2017-04-03 13:28:06,046]  There is no such pollution name in kind list : <icon_url> [https://www.wunderground.com]
[LINE:421]# WARNING  [2017-04-03 13:28:06,046]  There is no such pollution name in kind list : <qpf> [https://www.wunderground.com]
[LINE:421]# WARNING  [2017-04-03 13:28:06,046]  There is no such pollution name in kind list : <fctcode> [https://www.wunderground.com]
[LINE:360]# WARNING  [2017-04-03 13:28:06,046]  Correct pollutant value NOT in default units list : <sn_d> [https://www.wunderground.com]
[LINE:474]# WARNING  [2017-04-03 13:28:06,046]  Units are not convertible (call func: _mm_to_None) : |mm to None| [https://www.wunderground.com]
[LINE:421]# WARNING  [2017-04-03 13:28:06,046]  There is no such pollution name in kind list : <wx> [https://www.wunderground.com]
[LINE:421]# WARNING  [2017-04-03 13:28:06,047]  There is no such pollution name in kind list : <uvi> [https://www.wunderground.com]
[LINE:421]# WARNING  [2017-04-03 13:28:06,047]  There is no such pollution name in kind list : <pop> [https://www.wunderground.com]
[LINE:421]# WARNING  [2017-04-03 13:28:06,047]  There is no such pollution name in kind list : <wspd> [https://www.wunderground.com]
[LINE:421]# WARNING  [2017-04-03 13:28:06,047]  There is no such pollution name in kind list : <condition> [https://www.wunderground.com]
[LINE:421]# WARNING  [2017-04-03 13:28:06,047]  There is no such pollution name in kind list : <icon> [https://www.wunderground.com]
[LINE:421]# WARNING  [2017-04-03 13:28:06,048]  There is no such pollution name in kind list : <windchill> [https://www.wunderground.com]
[LINE:421]# WARNING  [2017-04-03 13:28:06,048]  There is no such pollution name in kind list : <heatindex> [https://www.wunderground.com]
[LINE:421]# WARNING  [2017-04-03 13:28:06,048]  There is no such pollution name in kind list : <feelslike> [https://www.wunderground.com]
[LINE:421]# WARNING  [2017-04-03 13:28:06,048]  There is no such pollution name in kind list : <icon_url> [https://www.wunderground.com]
[LINE:421]# WARNING  [2017-04-03 13:28:06,048]  There is no such pollution name in kind list : <qpf> [https://www.wunderground.com]
[LINE:421]# WARNING  [2017-04-03 13:28:06,049]  There is no such pollution name in kind list : <fctcode> [https://www.wunderground.com]
[LINE:360]# WARNING  [2017-04-03 13:28:06,049]  Correct pollutant value NOT in default units list : <sn_d> [https://www.wunderground.com]
[LINE:474]# WARNING  [2017-04-03 13:28:06,049]  Units are not convertible (call func: _mm_to_None) : |mm to None| [https://www.wunderground.com]
[LINE:421]# WARNING  [2017-04-03 13:28:06,049]  There is no such pollution name in kind list : <wx> [https://www.wunderground.com]
[LINE:421]# WARNING  [2017-04-03 13:28:06,049]  There is no such pollution name in kind list : <uvi> [https://www.wunderground.com]
[LINE:421]# WARNING  [2017-04-03 13:28:06,049]  There is no such pollution name in kind list : <pop> [https://www.wunderground.com]
[LINE:421]# WARNING  [2017-04-03 13:28:06,050]  There is no such pollution name in kind list : <wspd> [https://www.wunderground.com]
[LINE:421]# WARNING  [2017-04-03 13:28:06,050]  There is no such pollution name in kind list : <condition> [https://www.wunderground.com]
[LINE:421]# WARNING  [2017-04-03 13:28:06,050]  There is no such pollution name in kind list : <icon> [https://www.wunderground.com]
[LINE:421]# WARNING  [2017-04-03 13:28:06,050]  There is no such pollution name in kind list : <windchill> [https://www.wunderground.com]
[LINE:421]# WARNING  [2017-04-03 13:28:06,050]  There is no such pollution name in kind list : <heatindex> [https://www.wunderground.com]
[LINE:421]# WARNING  [2017-04-03 13:28:06,051]  There is no such pollution name in kind list : <feelslike> [https://www.wunderground.com]
[LINE:421]# WARNING  [2017-04-03 13:28:06,051]  There is no such pollution name in kind list : <icon_url> [https://www.wunderground.com]
[LINE:421]# WARNING  [2017-04-03 13:28:06,051]  There is no such pollution name in kind list : <qpf> [https://www.wunderground.com]
[LINE:421]# WARNING  [2017-04-03 13:28:06,051]  There is no such pollution name in kind list : <fctcode> [https://www.wunderground.com]
[LINE:360]# WARNING  [2017-04-03 13:28:06,051]  Correct pollutant value NOT in default units list : <sn_d> [https://www.wunderground.com]
[LINE:474]# WARNING  [2017-04-03 13:28:06,052]  Units are not convertible (call func: _mm_to_None) : |mm to None| [https://www.wunderground.com]
[LINE:421]# WARNING  [2017-04-03 13:28:06,052]  There is no such pollution name in kind list : <wx> [https://www.wunderground.com]
[LINE:421]# WARNING  [2017-04-03 13:28:06,052]  There is no such pollution name in kind list : <uvi> [https://www.wunderground.com]
[LINE:421]# WARNING  [2017-04-03 13:28:06,052]  There is no such pollution name in kind list : <pop> [https://www.wunderground.com]
[LINE:421]# WARNING  [2017-04-03 13:28:06,052]  There is no such pollution name in kind list : <wspd> [https://www.wunderground.com]
[LINE:421]# WARNING  [2017-04-03 13:28:06,052]  There is no such pollution name in kind list : <condition> [https://www.wunderground.com]
[LINE:421]# WARNING  [2017-04-03 13:28:06,052]  There is no such pollution name in kind list : <icon> [https://www.wunderground.com]
