[LINE:449]# WARNING  [2017-05-04 13:29:10,133]  There is no such pollution name in kind list : <Resultant Wind Speed> [http://airquality.clarkcountynv.gov]
[LINE:449]# WARNING  [2017-05-04 13:29:10,133]  There is no such pollution name in kind list : <Std. Dev. Wind Direction> [http://airquality.clarkcountynv.gov]
[LINE:449]# WARNING  [2017-05-04 13:29:11,074]  There is no such pollution name in kind list : <Resultant Wind Speed> [http://airquality.clarkcountynv.gov]
[LINE:449]# WARNING  [2017-05-04 13:29:11,075]  There is no such pollution name in kind list : <Std. Dev. Wind Direction> [http://airquality.clarkcountynv.gov]
[LINE:449]# WARNING  [2017-05-04 13:29:11,146]  There is no such pollution name in kind list : <Resultant Wind Speed> [http://airquality.clarkcountynv.gov]
[LINE:467]# WARNING  [2017-05-04 13:29:11,147]  There is no such pollution name in current units list : <None> [http://airquality.clarkcountynv.gov]
[LINE:513]# WARNING  [2017-05-04 13:29:11,147]  One of measurment units is None (call func: _None_to_None) : |None to None| [http://airquality.clarkcountynv.gov]
[LINE:449]# WARNING  [2017-05-04 13:29:11,148]  There is no such pollution name in kind list : <Sea-Level Pressure> [http://airquality.clarkcountynv.gov]
[LINE:449]# WARNING  [2017-05-04 13:29:11,244]  There is no such pollution name in kind list : <Resultant Wind Speed> [http://airquality.clarkcountynv.gov]
[LINE:449]# WARNING  [2017-05-04 13:29:11,244]  There is no such pollution name in kind list : <Std. Dev. Wind Direction> [http://airquality.clarkcountynv.gov]
[LINE:449]# WARNING  [2017-05-04 13:29:11,363]  There is no such pollution name in kind list : <Resultant Wind Speed> [http://airquality.clarkcountynv.gov]
[LINE:449]# WARNING  [2017-05-04 13:29:11,364]  There is no such pollution name in kind list : <Std. Dev. Wind Direction> [http://airquality.clarkcountynv.gov]
[LINE:449]# WARNING  [2017-05-04 13:29:12,151]  There is no such pollution name in kind list : <Resultant Wind Speed> [http://airquality.clarkcountynv.gov]
[LINE:449]# WARNING  [2017-05-04 13:29:12,152]  There is no such pollution name in kind list : <Std. Dev. Wind Direction> [http://airquality.clarkcountynv.gov]
[LINE:449]# WARNING  [2017-05-04 13:29:13,213]  There is no such pollution name in kind list : <Resultant Wind Speed> [http://airquality.clarkcountynv.gov]
[LINE:449]# WARNING  [2017-05-04 13:29:13,213]  There is no such pollution name in kind list : <Std. Dev. Wind Direction> [http://airquality.clarkcountynv.gov]
[LINE:449]# WARNING  [2017-05-04 13:29:16,802]  There is no such pollution name in kind list : <Resultant Wind Speed> [http://airquality.clarkcountynv.gov]
[LINE:449]# WARNING  [2017-05-04 13:29:16,802]  There is no such pollution name in kind list : <Maximum Wind Gust> [http://airquality.clarkcountynv.gov]
[LINE:449]# WARNING  [2017-05-04 13:29:16,802]  There is no such pollution name in kind list : <Std. Dev. Wind Direction> [http://airquality.clarkcountynv.gov]
[LINE:449]# WARNING  [2017-05-04 13:29:16,803]  There is no such pollution name in kind list : <PM-2.5 Mass> [http://airquality.clarkcountynv.gov]
[LINE:449]# WARNING  [2017-05-04 13:29:16,803]  There is no such pollution name in kind list : <PM-10 Mass> [http://airquality.clarkcountynv.gov]
[LINE:449]# WARNING  [2017-05-04 13:29:17,000]  There is no such pollution name in kind list : <Resultant Wind Speed> [http://airquality.clarkcountynv.gov]
[LINE:449]# WARNING  [2017-05-04 13:29:17,000]  There is no such pollution name in kind list : <Std. Dev. Wind Direction> [http://airquality.clarkcountynv.gov]
