[LINE:455]# WARNING  [2017-05-22 11:30:59,533]  There is no such pollution name in kind list : <PM10_SHR> [https://www.arb.ca.gov]
[LINE:394]# WARNING  [2017-05-22 11:30:59,533]  Correct pollutant value NOT in default units list : <None> [https://www.arb.ca.gov]
[LINE:455]# WARNING  [2017-05-22 11:30:59,542]  There is no such pollution name in kind list : <PM10_LHR> [https://www.arb.ca.gov]
[LINE:394]# WARNING  [2017-05-22 11:30:59,542]  Correct pollutant value NOT in default units list : <None> [https://www.arb.ca.gov]
[LINE:394]# WARNING  [2017-05-22 11:30:59,550]  Correct pollutant value NOT in default units list : <nmhc> [https://www.arb.ca.gov]
[LINE:508]# WARNING  [2017-05-22 11:30:59,551]  Units are not convertible (call func: _ppm_to_None) : |ppm to None| [https://www.arb.ca.gov]
[LINE:455]# WARNING  [2017-05-22 11:30:59,554]  There is no such pollution name in kind list : <PMTEOM> [https://www.arb.ca.gov]
[LINE:394]# WARNING  [2017-05-22 11:30:59,554]  Correct pollutant value NOT in default units list : <None> [https://www.arb.ca.gov]
[LINE:455]# WARNING  [2017-05-22 11:30:59,554]  There is no such pollution name in kind list : <PM10_SHR> [https://www.arb.ca.gov]
[LINE:394]# WARNING  [2017-05-22 11:30:59,554]  Correct pollutant value NOT in default units list : <None> [https://www.arb.ca.gov]
[LINE:455]# WARNING  [2017-05-22 11:30:59,573]  There is no such pollution name in kind list : <PMTEOM> [https://www.arb.ca.gov]
[LINE:394]# WARNING  [2017-05-22 11:30:59,573]  Correct pollutant value NOT in default units list : <None> [https://www.arb.ca.gov]
[LINE:455]# WARNING  [2017-05-22 11:30:59,573]  There is no such pollution name in kind list : <PM10_SHR> [https://www.arb.ca.gov]
[LINE:394]# WARNING  [2017-05-22 11:30:59,573]  Correct pollutant value NOT in default units list : <None> [https://www.arb.ca.gov]
[LINE:455]# WARNING  [2017-05-22 11:30:59,579]  There is no such pollution name in kind list : <PMTEOM> [https://www.arb.ca.gov]
[LINE:394]# WARNING  [2017-05-22 11:30:59,579]  Correct pollutant value NOT in default units list : <None> [https://www.arb.ca.gov]
[LINE:455]# WARNING  [2017-05-22 11:30:59,579]  There is no such pollution name in kind list : <PM10_SHR> [https://www.arb.ca.gov]
[LINE:394]# WARNING  [2017-05-22 11:30:59,579]  Correct pollutant value NOT in default units list : <None> [https://www.arb.ca.gov]
[LINE:455]# WARNING  [2017-05-22 11:30:59,582]  There is no such pollution name in kind list : <PMTEOM> [https://www.arb.ca.gov]
[LINE:394]# WARNING  [2017-05-22 11:30:59,582]  Correct pollutant value NOT in default units list : <None> [https://www.arb.ca.gov]
[LINE:455]# WARNING  [2017-05-22 11:30:59,582]  There is no such pollution name in kind list : <PM10_SHR> [https://www.arb.ca.gov]
[LINE:394]# WARNING  [2017-05-22 11:30:59,582]  Correct pollutant value NOT in default units list : <None> [https://www.arb.ca.gov]
[LINE:455]# WARNING  [2017-05-22 11:30:59,585]  There is no such pollution name in kind list : <PMTEOM> [https://www.arb.ca.gov]
[LINE:394]# WARNING  [2017-05-22 11:30:59,585]  Correct pollutant value NOT in default units list : <None> [https://www.arb.ca.gov]
[LINE:455]# WARNING  [2017-05-22 11:30:59,585]  There is no such pollution name in kind list : <PM10_SHR> [https://www.arb.ca.gov]
[LINE:394]# WARNING  [2017-05-22 11:30:59,585]  Correct pollutant value NOT in default units list : <None> [https://www.arb.ca.gov]
[LINE:455]# WARNING  [2017-05-22 11:30:59,603]  There is no such pollution name in kind list : <PM10_LHR> [https://www.arb.ca.gov]
[LINE:394]# WARNING  [2017-05-22 11:30:59,604]  Correct pollutant value NOT in default units list : <None> [https://www.arb.ca.gov]
[LINE:455]# WARNING  [2017-05-22 11:30:59,607]  There is no such pollution name in kind list : <PM10_SHR> [https://www.arb.ca.gov]
[LINE:394]# WARNING  [2017-05-22 11:30:59,607]  Correct pollutant value NOT in default units list : <None> [https://www.arb.ca.gov]
[LINE:455]# WARNING  [2017-05-22 11:30:59,626]  There is no such pollution name in kind list : <PM10_LHR> [https://www.arb.ca.gov]
[LINE:394]# WARNING  [2017-05-22 11:30:59,627]  Correct pollutant value NOT in default units list : <None> [https://www.arb.ca.gov]
[LINE:455]# WARNING  [2017-05-22 11:30:59,641]  There is no such pollution name in kind list : <PM10_SHR> [https://www.arb.ca.gov]
[LINE:394]# WARNING  [2017-05-22 11:30:59,641]  Correct pollutant value NOT in default units list : <None> [https://www.arb.ca.gov]
[LINE:455]# WARNING  [2017-05-22 11:30:59,654]  There is no such pollution name in kind list : <PM10_LHR> [https://www.arb.ca.gov]
[LINE:394]# WARNING  [2017-05-22 11:30:59,655]  Correct pollutant value NOT in default units list : <None> [https://www.arb.ca.gov]
[LINE:455]# WARNING  [2017-05-22 11:30:59,664]  There is no such pollution name in kind list : <PM10_SHR> [https://www.arb.ca.gov]
[LINE:394]# WARNING  [2017-05-22 11:30:59,664]  Correct pollutant value NOT in default units list : <None> [https://www.arb.ca.gov]
[LINE:455]# WARNING  [2017-05-22 11:30:59,688]  There is no such pollution name in kind list : <PM10_LHR> [https://www.arb.ca.gov]
[LINE:394]# WARNING  [2017-05-22 11:30:59,688]  Correct pollutant value NOT in default units list : <None> [https://www.arb.ca.gov]
[LINE:455]# WARNING  [2017-05-22 11:30:59,695]  There is no such pollution name in kind list : <PM10_LHR> [https://www.arb.ca.gov]
[LINE:394]# WARNING  [2017-05-22 11:30:59,695]  Correct pollutant value NOT in default units list : <None> [https://www.arb.ca.gov]
[LINE:455]# WARNING  [2017-05-22 11:30:59,698]  There is no such pollution name in kind list : <PMTEOM> [https://www.arb.ca.gov]
[LINE:394]# WARNING  [2017-05-22 11:30:59,698]  Correct pollutant value NOT in default units list : <None> [https://www.arb.ca.gov]
[LINE:455]# WARNING  [2017-05-22 11:30:59,698]  There is no such pollution name in kind list : <PM10_SHR> [https://www.arb.ca.gov]
[LINE:394]# WARNING  [2017-05-22 11:30:59,698]  Correct pollutant value NOT in default units list : <None> [https://www.arb.ca.gov]
[LINE:455]# WARNING  [2017-05-22 11:30:59,708]  There is no such pollution name in kind list : <PM10_LHR> [https://www.arb.ca.gov]
[LINE:394]# WARNING  [2017-05-22 11:30:59,708]  Correct pollutant value NOT in default units list : <None> [https://www.arb.ca.gov]
[LINE:455]# WARNING  [2017-05-22 11:30:59,711]  There is no such pollution name in kind list : <PMTEOM> [https://www.arb.ca.gov]
[LINE:394]# WARNING  [2017-05-22 11:30:59,711]  Correct pollutant value NOT in default units list : <None> [https://www.arb.ca.gov]
[LINE:455]# WARNING  [2017-05-22 11:30:59,711]  There is no such pollution name in kind list : <PM10_SHR> [https://www.arb.ca.gov]
[LINE:394]# WARNING  [2017-05-22 11:30:59,711]  Correct pollutant value NOT in default units list : <None> [https://www.arb.ca.gov]
[LINE:455]# WARNING  [2017-05-22 11:30:59,722]  There is no such pollution name in kind list : <PMTEOM> [https://www.arb.ca.gov]
[LINE:394]# WARNING  [2017-05-22 11:30:59,722]  Correct pollutant value NOT in default units list : <None> [https://www.arb.ca.gov]
[LINE:455]# WARNING  [2017-05-22 11:30:59,722]  There is no such pollution name in kind list : <PM10_SHR> [https://www.arb.ca.gov]
[LINE:394]# WARNING  [2017-05-22 11:30:59,722]  Correct pollutant value NOT in default units list : <None> [https://www.arb.ca.gov]
[LINE:455]# WARNING  [2017-05-22 11:30:59,725]  There is no such pollution name in kind list : <PM10_LHR> [https://www.arb.ca.gov]
[LINE:394]# WARNING  [2017-05-22 11:30:59,725]  Correct pollutant value NOT in default units list : <None> [https://www.arb.ca.gov]
[LINE:455]# WARNING  [2017-05-22 11:30:59,731]  There is no such pollution name in kind list : <PM10_LHR> [https://www.arb.ca.gov]
[LINE:394]# WARNING  [2017-05-22 11:30:59,731]  Correct pollutant value NOT in default units list : <None> [https://www.arb.ca.gov]
[LINE:455]# WARNING  [2017-05-22 11:30:59,740]  There is no such pollution name in kind list : <PM10_SHR> [https://www.arb.ca.gov]
[LINE:394]# WARNING  [2017-05-22 11:30:59,740]  Correct pollutant value NOT in default units list : <None> [https://www.arb.ca.gov]
[LINE:455]# WARNING  [2017-05-22 11:30:59,748]  There is no such pollution name in kind list : <PM10_LHR> [https://www.arb.ca.gov]
[LINE:394]# WARNING  [2017-05-22 11:30:59,748]  Correct pollutant value NOT in default units list : <None> [https://www.arb.ca.gov]
[LINE:394]# WARNING  [2017-05-22 11:30:59,761]  Correct pollutant value NOT in default units list : <thc> [https://www.arb.ca.gov]
[LINE:473]# WARNING  [2017-05-22 11:30:59,761]  There is no such pollution name in current units list : <ppmC> [https://www.arb.ca.gov]
[LINE:519]# WARNING  [2017-05-22 11:30:59,762]  One of measurment units is None (call func: _None_to_None) : |None to None| [https://www.arb.ca.gov]
[LINE:394]# WARNING  [2017-05-22 11:30:59,786]  Correct pollutant value NOT in default units list : <thc> [https://www.arb.ca.gov]
[LINE:473]# WARNING  [2017-05-22 11:30:59,786]  There is no such pollution name in current units list : <ppmC> [https://www.arb.ca.gov]
[LINE:519]# WARNING  [2017-05-22 11:30:59,786]  One of measurment units is None (call func: _None_to_None) : |None to None| [https://www.arb.ca.gov]
[LINE:455]# WARNING  [2017-05-22 11:30:59,787]  There is no such pollution name in kind list : <PM10_SHR> [https://www.arb.ca.gov]
[LINE:394]# WARNING  [2017-05-22 11:30:59,787]  Correct pollutant value NOT in default units list : <None> [https://www.arb.ca.gov]
[LINE:394]# WARNING  [2017-05-22 11:30:59,790]  Correct pollutant value NOT in default units list : <nmhc> [https://www.arb.ca.gov]
[LINE:508]# WARNING  [2017-05-22 11:30:59,790]  Units are not convertible (call func: _ppm_to_None) : |ppm to None| [https://www.arb.ca.gov]
[LINE:394]# WARNING  [2017-05-22 11:30:59,793]  Correct pollutant value NOT in default units list : <thc> [https://www.arb.ca.gov]
[LINE:473]# WARNING  [2017-05-22 11:30:59,794]  There is no such pollution name in current units list : <ppmC> [https://www.arb.ca.gov]
[LINE:519]# WARNING  [2017-05-22 11:30:59,794]  One of measurment units is None (call func: _None_to_None) : |None to None| [https://www.arb.ca.gov]
[LINE:394]# WARNING  [2017-05-22 11:30:59,799]  Correct pollutant value NOT in default units list : <thc> [https://www.arb.ca.gov]
[LINE:473]# WARNING  [2017-05-22 11:30:59,799]  There is no such pollution name in current units list : <ppmC> [https://www.arb.ca.gov]
[LINE:519]# WARNING  [2017-05-22 11:30:59,800]  One of measurment units is None (call func: _None_to_None) : |None to None| [https://www.arb.ca.gov]
[LINE:455]# WARNING  [2017-05-22 11:30:59,800]  There is no such pollution name in kind list : <PM10_SHR> [https://www.arb.ca.gov]
[LINE:394]# WARNING  [2017-05-22 11:30:59,800]  Correct pollutant value NOT in default units list : <None> [https://www.arb.ca.gov]
[LINE:455]# WARNING  [2017-05-22 11:30:59,806]  There is no such pollution name in kind list : <PM10_LHR> [https://www.arb.ca.gov]
[LINE:394]# WARNING  [2017-05-22 11:30:59,806]  Correct pollutant value NOT in default units list : <None> [https://www.arb.ca.gov]
[LINE:455]# WARNING  [2017-05-22 11:30:59,814]  There is no such pollution name in kind list : <PMTEOM> [https://www.arb.ca.gov]
[LINE:394]# WARNING  [2017-05-22 11:30:59,814]  Correct pollutant value NOT in default units list : <None> [https://www.arb.ca.gov]
[LINE:455]# WARNING  [2017-05-22 11:30:59,815]  There is no such pollution name in kind list : <PM10_SHR> [https://www.arb.ca.gov]
[LINE:394]# WARNING  [2017-05-22 11:30:59,815]  Correct pollutant value NOT in default units list : <None> [https://www.arb.ca.gov]
[LINE:455]# WARNING  [2017-05-22 11:30:59,820]  There is no such pollution name in kind list : <PM10_SHR> [https://www.arb.ca.gov]
[LINE:394]# WARNING  [2017-05-22 11:30:59,820]  Correct pollutant value NOT in default units list : <None> [https://www.arb.ca.gov]
[LINE:455]# WARNING  [2017-05-22 11:30:59,832]  There is no such pollution name in kind list : <PM10_SHR> [https://www.arb.ca.gov]
[LINE:394]# WARNING  [2017-05-22 11:30:59,832]  Correct pollutant value NOT in default units list : <None> [https://www.arb.ca.gov]
[LINE:455]# WARNING  [2017-05-22 11:30:59,835]  There is no such pollution name in kind list : <PMTEOM> [https://www.arb.ca.gov]
[LINE:394]# WARNING  [2017-05-22 11:30:59,835]  Correct pollutant value NOT in default units list : <None> [https://www.arb.ca.gov]
[LINE:455]# WARNING  [2017-05-22 11:30:59,835]  There is no such pollution name in kind list : <PM10_SHR> [https://www.arb.ca.gov]
[LINE:394]# WARNING  [2017-05-22 11:30:59,835]  Correct pollutant value NOT in default units list : <None> [https://www.arb.ca.gov]
[LINE:455]# WARNING  [2017-05-22 11:30:59,848]  There is no such pollution name in kind list : <PM10_SHR> [https://www.arb.ca.gov]
[LINE:394]# WARNING  [2017-05-22 11:30:59,848]  Correct pollutant value NOT in default units list : <None> [https://www.arb.ca.gov]
[LINE:455]# WARNING  [2017-05-22 11:30:59,867]  There is no such pollution name in kind list : <PMTEOM> [https://www.arb.ca.gov]
[LINE:394]# WARNING  [2017-05-22 11:30:59,867]  Correct pollutant value NOT in default units list : <None> [https://www.arb.ca.gov]
[LINE:455]# WARNING  [2017-05-22 11:30:59,867]  There is no such pollution name in kind list : <PM10_SHR> [https://www.arb.ca.gov]
[LINE:394]# WARNING  [2017-05-22 11:30:59,867]  Correct pollutant value NOT in default units list : <None> [https://www.arb.ca.gov]
[LINE:394]# WARNING  [2017-05-22 11:30:59,869]  Correct pollutant value NOT in default units list : <nmhc> [https://www.arb.ca.gov]
[LINE:508]# WARNING  [2017-05-22 11:30:59,870]  Units are not convertible (call func: _ppm_to_None) : |ppm to None| [https://www.arb.ca.gov]
[LINE:455]# WARNING  [2017-05-22 11:30:59,882]  There is no such pollution name in kind list : <PM10_LHR> [https://www.arb.ca.gov]
[LINE:394]# WARNING  [2017-05-22 11:30:59,882]  Correct pollutant value NOT in default units list : <None> [https://www.arb.ca.gov]
[LINE:455]# WARNING  [2017-05-22 11:30:59,885]  There is no such pollution name in kind list : <PMTEOM> [https://www.arb.ca.gov]
[LINE:394]# WARNING  [2017-05-22 11:30:59,885]  Correct pollutant value NOT in default units list : <None> [https://www.arb.ca.gov]
[LINE:455]# WARNING  [2017-05-22 11:30:59,885]  There is no such pollution name in kind list : <PM10_SHR> [https://www.arb.ca.gov]
[LINE:394]# WARNING  [2017-05-22 11:30:59,885]  Correct pollutant value NOT in default units list : <None> [https://www.arb.ca.gov]
[LINE:455]# WARNING  [2017-05-22 11:30:59,903]  There is no such pollution name in kind list : <PMTEOM> [https://www.arb.ca.gov]
[LINE:394]# WARNING  [2017-05-22 11:30:59,903]  Correct pollutant value NOT in default units list : <None> [https://www.arb.ca.gov]
[LINE:455]# WARNING  [2017-05-22 11:30:59,903]  There is no such pollution name in kind list : <PM10_SHR> [https://www.arb.ca.gov]
[LINE:394]# WARNING  [2017-05-22 11:30:59,903]  Correct pollutant value NOT in default units list : <None> [https://www.arb.ca.gov]
[LINE:455]# WARNING  [2017-05-22 11:30:59,907]  There is no such pollution name in kind list : <PMTEOM> [https://www.arb.ca.gov]
[LINE:394]# WARNING  [2017-05-22 11:30:59,907]  Correct pollutant value NOT in default units list : <None> [https://www.arb.ca.gov]
[LINE:455]# WARNING  [2017-05-22 11:30:59,907]  There is no such pollution name in kind list : <PM10_SHR> [https://www.arb.ca.gov]
[LINE:394]# WARNING  [2017-05-22 11:30:59,908]  Correct pollutant value NOT in default units list : <None> [https://www.arb.ca.gov]
[LINE:455]# WARNING  [2017-05-22 11:30:59,910]  There is no such pollution name in kind list : <PM10_SHR> [https://www.arb.ca.gov]
[LINE:394]# WARNING  [2017-05-22 11:30:59,910]  Correct pollutant value NOT in default units list : <None> [https://www.arb.ca.gov]
[LINE:455]# WARNING  [2017-05-22 11:30:59,919]  There is no such pollution name in kind list : <PM10_SHR> [https://www.arb.ca.gov]
[LINE:394]# WARNING  [2017-05-22 11:30:59,919]  Correct pollutant value NOT in default units list : <None> [https://www.arb.ca.gov]
[LINE:455]# WARNING  [2017-05-22 11:30:59,934]  There is no such pollution name in kind list : <PM10_LHR> [https://www.arb.ca.gov]
[LINE:394]# WARNING  [2017-05-22 11:30:59,934]  Correct pollutant value NOT in default units list : <None> [https://www.arb.ca.gov]
[LINE:455]# WARNING  [2017-05-22 11:30:59,937]  There is no such pollution name in kind list : <PM10_SHR> [https://www.arb.ca.gov]
[LINE:394]# WARNING  [2017-05-22 11:30:59,937]  Correct pollutant value NOT in default units list : <None> [https://www.arb.ca.gov]
[LINE:455]# WARNING  [2017-05-22 11:30:59,947]  There is no such pollution name in kind list : <PMTEOM> [https://www.arb.ca.gov]
[LINE:394]# WARNING  [2017-05-22 11:30:59,947]  Correct pollutant value NOT in default units list : <None> [https://www.arb.ca.gov]
[LINE:455]# WARNING  [2017-05-22 11:30:59,947]  There is no such pollution name in kind list : <PM10_SHR> [https://www.arb.ca.gov]
[LINE:394]# WARNING  [2017-05-22 11:30:59,947]  Correct pollutant value NOT in default units list : <None> [https://www.arb.ca.gov]
[LINE:455]# WARNING  [2017-05-22 11:30:59,961]  There is no such pollution name in kind list : <PMTEOM> [https://www.arb.ca.gov]
[LINE:394]# WARNING  [2017-05-22 11:30:59,961]  Correct pollutant value NOT in default units list : <None> [https://www.arb.ca.gov]
[LINE:455]# WARNING  [2017-05-22 11:30:59,961]  There is no such pollution name in kind list : <PM10_SHR> [https://www.arb.ca.gov]
[LINE:394]# WARNING  [2017-05-22 11:30:59,962]  Correct pollutant value NOT in default units list : <None> [https://www.arb.ca.gov]
[LINE:455]# WARNING  [2017-05-22 11:30:59,967]  There is no such pollution name in kind list : <PM10_LHR> [https://www.arb.ca.gov]
[LINE:394]# WARNING  [2017-05-22 11:30:59,967]  Correct pollutant value NOT in default units list : <None> [https://www.arb.ca.gov]
[LINE:455]# WARNING  [2017-05-22 11:30:59,973]  There is no such pollution name in kind list : <PM10_SHR> [https://www.arb.ca.gov]
[LINE:394]# WARNING  [2017-05-22 11:30:59,973]  Correct pollutant value NOT in default units list : <None> [https://www.arb.ca.gov]
[LINE:455]# WARNING  [2017-05-22 11:30:59,981]  There is no such pollution name in kind list : <PMTEOM> [https://www.arb.ca.gov]
[LINE:394]# WARNING  [2017-05-22 11:30:59,981]  Correct pollutant value NOT in default units list : <None> [https://www.arb.ca.gov]
[LINE:455]# WARNING  [2017-05-22 11:30:59,981]  There is no such pollution name in kind list : <PM10_SHR> [https://www.arb.ca.gov]
[LINE:394]# WARNING  [2017-05-22 11:30:59,981]  Correct pollutant value NOT in default units list : <None> [https://www.arb.ca.gov]
[LINE:455]# WARNING  [2017-05-22 11:30:59,984]  There is no such pollution name in kind list : <PMTEOM> [https://www.arb.ca.gov]
[LINE:394]# WARNING  [2017-05-22 11:30:59,984]  Correct pollutant value NOT in default units list : <None> [https://www.arb.ca.gov]
[LINE:455]# WARNING  [2017-05-22 11:30:59,984]  There is no such pollution name in kind list : <PM10_SHR> [https://www.arb.ca.gov]
[LINE:394]# WARNING  [2017-05-22 11:30:59,984]  Correct pollutant value NOT in default units list : <None> [https://www.arb.ca.gov]
[LINE:455]# WARNING  [2017-05-22 11:30:59,989]  There is no such pollution name in kind list : <PMTEOM> [https://www.arb.ca.gov]
[LINE:394]# WARNING  [2017-05-22 11:30:59,989]  Correct pollutant value NOT in default units list : <None> [https://www.arb.ca.gov]
[LINE:455]# WARNING  [2017-05-22 11:30:59,990]  There is no such pollution name in kind list : <PM10_SHR> [https://www.arb.ca.gov]
[LINE:394]# WARNING  [2017-05-22 11:30:59,990]  Correct pollutant value NOT in default units list : <None> [https://www.arb.ca.gov]
[LINE:455]# WARNING  [2017-05-22 11:31:00,005]  There is no such pollution name in kind list : <PM10_LHR> [https://www.arb.ca.gov]
[LINE:394]# WARNING  [2017-05-22 11:31:00,005]  Correct pollutant value NOT in default units list : <None> [https://www.arb.ca.gov]
[LINE:455]# WARNING  [2017-05-22 11:31:00,020]  There is no such pollution name in kind list : <PMTEOM> [https://www.arb.ca.gov]
[LINE:394]# WARNING  [2017-05-22 11:31:00,020]  Correct pollutant value NOT in default units list : <None> [https://www.arb.ca.gov]
[LINE:455]# WARNING  [2017-05-22 11:31:00,020]  There is no such pollution name in kind list : <PM10_SHR> [https://www.arb.ca.gov]
[LINE:394]# WARNING  [2017-05-22 11:31:00,021]  Correct pollutant value NOT in default units list : <None> [https://www.arb.ca.gov]
[LINE:455]# WARNING  [2017-05-22 11:31:00,023]  There is no such pollution name in kind list : <PMTEOM> [https://www.arb.ca.gov]
[LINE:394]# WARNING  [2017-05-22 11:31:00,023]  Correct pollutant value NOT in default units list : <None> [https://www.arb.ca.gov]
[LINE:455]# WARNING  [2017-05-22 11:31:00,023]  There is no such pollution name in kind list : <PM10_SHR> [https://www.arb.ca.gov]
[LINE:394]# WARNING  [2017-05-22 11:31:00,024]  Correct pollutant value NOT in default units list : <None> [https://www.arb.ca.gov]
[LINE:455]# WARNING  [2017-05-22 11:31:00,030]  There is no such pollution name in kind list : <PMTEOM> [https://www.arb.ca.gov]
[LINE:394]# WARNING  [2017-05-22 11:31:00,030]  Correct pollutant value NOT in default units list : <None> [https://www.arb.ca.gov]
[LINE:455]# WARNING  [2017-05-22 11:31:00,030]  There is no such pollution name in kind list : <PM10_SHR> [https://www.arb.ca.gov]
[LINE:394]# WARNING  [2017-05-22 11:31:00,031]  Correct pollutant value NOT in default units list : <None> [https://www.arb.ca.gov]
[LINE:455]# WARNING  [2017-05-22 11:31:00,035]  There is no such pollution name in kind list : <PM10_SHR> [https://www.arb.ca.gov]
[LINE:394]# WARNING  [2017-05-22 11:31:00,035]  Correct pollutant value NOT in default units list : <None> [https://www.arb.ca.gov]
[LINE:455]# WARNING  [2017-05-22 11:31:00,038]  There is no such pollution name in kind list : <PM10_LHR> [https://www.arb.ca.gov]
[LINE:394]# WARNING  [2017-05-22 11:31:00,038]  Correct pollutant value NOT in default units list : <None> [https://www.arb.ca.gov]
[LINE:394]# WARNING  [2017-05-22 11:31:00,050]  Correct pollutant value NOT in default units list : <nmhc> [https://www.arb.ca.gov]
[LINE:508]# WARNING  [2017-05-22 11:31:00,050]  Units are not convertible (call func: _ppm_to_None) : |ppm to None| [https://www.arb.ca.gov]
[LINE:455]# WARNING  [2017-05-22 11:31:00,078]  There is no such pollution name in kind list : <PM10_LHR> [https://www.arb.ca.gov]
[LINE:394]# WARNING  [2017-05-22 11:31:00,078]  Correct pollutant value NOT in default units list : <None> [https://www.arb.ca.gov]
