[LINE:449]# WARNING  [2017-05-04 10:40:32,196]  There is no such pollution name in kind list : <PREC> [http://dnr.wi.gov]
[LINE:388]# WARNING  [2017-05-04 10:40:32,197]  Correct pollutant value NOT in default units list : <None> [http://dnr.wi.gov]
[LINE:449]# WARNING  [2017-05-04 10:40:32,202]  There is no such pollution name in kind list : <PREC> [http://dnr.wi.gov]
[LINE:388]# WARNING  [2017-05-04 10:40:32,202]  Correct pollutant value NOT in default units list : <None> [http://dnr.wi.gov]
[LINE:449]# WARNING  [2017-05-04 10:40:32,206]  There is no such pollution name in kind list : <P10ST> [http://dnr.wi.gov]
[LINE:388]# WARNING  [2017-05-04 10:40:32,206]  Correct pollutant value NOT in default units list : <None> [http://dnr.wi.gov]
[LINE:449]# WARNING  [2017-05-04 10:40:32,206]  There is no such pollution name in kind list : <P10ST> [http://dnr.wi.gov]
[LINE:388]# WARNING  [2017-05-04 10:40:32,206]  Correct pollutant value NOT in default units list : <None> [http://dnr.wi.gov]
[LINE:449]# WARNING  [2017-05-04 10:40:32,212]  There is no such pollution name in kind list : <PREC> [http://dnr.wi.gov]
[LINE:388]# WARNING  [2017-05-04 10:40:32,213]  Correct pollutant value NOT in default units list : <None> [http://dnr.wi.gov]
[LINE:449]# WARNING  [2017-05-04 10:40:32,220]  There is no such pollution name in kind list : <PSTAT> [http://dnr.wi.gov]
[LINE:388]# WARNING  [2017-05-04 10:40:32,220]  Correct pollutant value NOT in default units list : <None> [http://dnr.wi.gov]
[LINE:449]# WARNING  [2017-05-04 10:40:32,223]  There is no such pollution name in kind list : <P10ST> [http://dnr.wi.gov]
[LINE:388]# WARNING  [2017-05-04 10:40:32,223]  Correct pollutant value NOT in default units list : <None> [http://dnr.wi.gov]
[LINE:449]# WARNING  [2017-05-04 10:40:32,223]  There is no such pollution name in kind list : <PREC> [http://dnr.wi.gov]
[LINE:388]# WARNING  [2017-05-04 10:40:32,223]  Correct pollutant value NOT in default units list : <None> [http://dnr.wi.gov]
[LINE:449]# WARNING  [2017-05-04 10:40:32,236]  There is no such pollution name in kind list : <PREC> [http://dnr.wi.gov]
[LINE:388]# WARNING  [2017-05-04 10:40:32,236]  Correct pollutant value NOT in default units list : <None> [http://dnr.wi.gov]
[LINE:449]# WARNING  [2017-05-04 10:40:32,246]  There is no such pollution name in kind list : <P10ST> [http://dnr.wi.gov]
[LINE:388]# WARNING  [2017-05-04 10:40:32,246]  Correct pollutant value NOT in default units list : <None> [http://dnr.wi.gov]
[LINE:449]# WARNING  [2017-05-04 10:40:32,262]  There is no such pollution name in kind list : <ST> [http://dnr.wi.gov]
[LINE:388]# WARNING  [2017-05-04 10:40:32,262]  Correct pollutant value NOT in default units list : <None> [http://dnr.wi.gov]
